#
# There is insufficient memory for the Java Runtime Environment to continue.
# Native memory allocation (mmap) failed to map 65536 bytes for Failed to commit metaspace.
# Possible reasons:
#   The system is out of physical RAM or swap space
#   The process is running with CompressedOops enabled, and the Java Heap may be blocking the growth of the native heap
# Possible solutions:
#   Reduce memory load on the system
#   Increase physical memory or swap space
#   Check if swap backing store is full
#   Decrease Java heap size (-Xmx/-Xms)
#   Decrease number of Java threads
#   Decrease Java thread stack sizes (-Xss)
#   Set larger code cache with -XX:ReservedCodeCacheSize=
#   JVM is running with Unscaled Compressed Oops mode in which the Java heap is
#     placed in the first 4GB address space. The Java Heap base address is the
#     maximum limit for the native heap growth. Please use -XX:HeapBaseMinAddress
#     to set the Java Heap base and to place the Java Heap above 4GB virtual address.
# This output file may be truncated or incomplete.
#
#  Out of Memory Error (virtualSpaceNode.cpp:112), pid=7720, tid=16560
#
# JRE version: OpenJDK Runtime Environment (21.0.1+12) (build 21.0.1+12-29)
# Java VM: OpenJDK 64-Bit Server VM (21.0.1+12-29, mixed mode, emulated-client, sharing, tiered, compressed oops, compressed class ptrs, g1 gc, windows-amd64)
# No core dump will be written. Minidumps are not enabled by default on client versions of Windows
#

---------------  S U M M A R Y ------------

Command Line: -XX:TieredStopAtLevel=1 -Dspring.output.ansi.enabled=always -Dcom.sun.management.jmxremote -Dspring.jmx.enabled=true -Dspring.liveBeansView.mbeanDomain -Dspring.application.admin.enabled=true -Dmanagement.endpoints.jmx.exposure.include=* -javaagent:D:\IDEA_ULTIMATE\IntelliJ IDEA 2023.3.2\lib\idea_rt.jar=4413:D:\IDEA_ULTIMATE\IntelliJ IDEA 2023.3.2\bin -Dfile.encoding=UTF-8 -Dsun.stdout.encoding=UTF-8 -Dsun.stderr.encoding=UTF-8 com.school.web_info.WebInfoApplication

Host: AMD Ryzen 5 3500U with Radeon Vega Mobile Gfx  , 8 cores, 6G,  Windows 11 , 64 bit Build 22621 (10.0.22621.3374)
Time: Fri May 10 18:31:23 2024 RTZ 2 (s 11 , 64 bit Build 22621 (10.0.22621.3374) elapsed time: 1.196709 seconds (0d 0h 0m 1s)

---------------  T H R E A D  ---------------

Current thread (0x000001b0d97ea6e0):  JavaThread "RMI TCP Connection(1)-192.168.0.106" daemon [_thread_in_vm, id=16560, stack(0x00000060fc000000,0x00000060fc100000) (1024K)]

Stack: [0x00000060fc000000,0x00000060fc100000]
Native frames: (J=compiled Java code, j=interpreted, Vv=VM code, C=native code)
V  [jvm.dll+0x6c9029]
V  [jvm.dll+0x854b81]
V  [jvm.dll+0x856e5e]
V  [jvm.dll+0x857543]
V  [jvm.dll+0x280c06]
V  [jvm.dll+0x8508ae]
V  [jvm.dll+0x66ca45]
V  [jvm.dll+0x1e677c]
V  [jvm.dll+0x1e654e]
V  [jvm.dll+0x66f35c]
V  [jvm.dll+0x66f172]
V  [jvm.dll+0x66d41e]
V  [jvm.dll+0x26c581]
V  [jvm.dll+0x2184f7]
V  [jvm.dll+0x20dc4e]
V  [jvm.dll+0x5ac6dc]
V  [jvm.dll+0x7cd7a6]
V  [jvm.dll+0x46fd60]
V  [jvm.dll+0x4759e8]
C  [java.dll+0x17ec]

Java frames: (J=compiled Java code, j=interpreted, Vv=VM code)
J 1412  java.lang.ClassLoader.defineClass1(Ljava/lang/ClassLoader;Ljava/lang/String;[BIILjava/security/ProtectionDomain;Ljava/lang/String;)Ljava/lang/Class; java.base@21.0.1 (0 bytes) @ 0x000001b08b303191 [0x000001b08b3030c0+0x00000000000000d1]
j  java.lang.System$2.defineClass(Ljava/lang/ClassLoader;Ljava/lang/String;[BLjava/security/ProtectionDomain;Ljava/lang/String;)Ljava/lang/Class;+10 java.base@21.0.1
j  jdk.internal.reflect.ClassDefiner.defineClass(Ljava/lang/String;[BIILjava/lang/ClassLoader;)Ljava/lang/Class;+27 java.base@21.0.1
j  jdk.internal.reflect.MethodAccessorGenerator$1.run()Ljdk/internal/reflect/MagicAccessorImpl;+21 java.base@21.0.1
j  jdk.internal.reflect.MethodAccessorGenerator$1.run()Ljava/lang/Object;+1 java.base@21.0.1
J 1423 c1 java.security.AccessController.doPrivileged(Ljava/security/PrivilegedAction;)Ljava/lang/Object; java.base@21.0.1 (9 bytes) @ 0x000001b08b309914 [0x000001b08b3098c0+0x0000000000000054]
j  jdk.internal.reflect.MethodAccessorGenerator.generate(Ljava/lang/Class;Ljava/lang/String;[Ljava/lang/Class;Ljava/lang/Class;IZZLjava/lang/Class;)Ljdk/internal/reflect/MagicAccessorImpl;+755 java.base@21.0.1
j  jdk.internal.reflect.MethodAccessorGenerator.generateSerializationConstructor(Ljava/lang/Class;[Ljava/lang/Class;ILjava/lang/Class;)Ljdk/internal/reflect/SerializationConstructorAccessorImpl;+13 java.base@21.0.1
j  jdk.internal.reflect.ReflectionFactory.generateConstructor(Ljava/lang/Class;Ljava/lang/reflect/Constructor;)Ljava/lang/reflect/Constructor;+20 java.base@21.0.1
j  jdk.internal.reflect.ReflectionFactory.newConstructorForSerialization(Ljava/lang/Class;)Ljava/lang/reflect/Constructor;+90 java.base@21.0.1
j  java.io.ObjectStreamClass.getSerializableConstructor(Ljava/lang/Class;)Ljava/lang/reflect/Constructor;+4 java.base@21.0.1
j  java.io.ObjectStreamClass$2.run()Ljava/lang/Void;+210 java.base@21.0.1
j  java.io.ObjectStreamClass$2.run()Ljava/lang/Object;+1 java.base@21.0.1
J 1423 c1 java.security.AccessController.doPrivileged(Ljava/security/PrivilegedAction;)Ljava/lang/Object; java.base@21.0.1 (9 bytes) @ 0x000001b08b309914 [0x000001b08b3098c0+0x0000000000000054]
j  java.io.ObjectStreamClass.<init>(Ljava/lang/Class;)V+111 java.base@21.0.1
j  java.io.ObjectStreamClass$Caches$1.computeValue(Ljava/lang/Class;)Ljava/io/ObjectStreamClass;+5 java.base@21.0.1
j  java.io.ObjectStreamClass$Caches$1.computeValue(Ljava/lang/Class;)Ljava/lang/Object;+2 java.base@21.0.1
j  java.io.ClassCache$1.computeValue(Ljava/lang/Class;)Ljava/io/ClassCache$CacheRef;+5 java.base@21.0.1
j  java.io.ClassCache$1.computeValue(Ljava/lang/Class;)Ljava/lang/Object;+2 java.base@21.0.1
j  java.lang.ClassValue.getFromHashMap(Ljava/lang/Class;)Ljava/lang/Object;+29 java.base@21.0.1
j  java.lang.ClassValue.getFromBackup([Ljava/lang/ClassValue$Entry;Ljava/lang/Class;)Ljava/lang/Object;+17 java.base@21.0.1
j  java.lang.ClassValue.get(Ljava/lang/Class;)Ljava/lang/Object;+27 java.base@21.0.1
j  java.io.ClassCache.get(Ljava/lang/Class;)Ljava/lang/Object;+9 java.base@21.0.1
j  java.io.ObjectStreamClass.lookup(Ljava/lang/Class;Z)Ljava/io/ObjectStreamClass;+19 java.base@21.0.1
j  java.io.ObjectOutputStream.writeObject0(Ljava/lang/Object;Z)V+266 java.base@21.0.1
j  java.io.ObjectOutputStream.writeObject(Ljava/lang/Object;)V+16 java.base@21.0.1
j  sun.rmi.server.UnicastRef.marshalValue(Ljava/lang/Class;Ljava/lang/Object;Ljava/io/ObjectOutput;)V+210 java.rmi@21.0.1
j  sun.rmi.server.UnicastServerRef.dispatch(Ljava/rmi/Remote;Ljava/rmi/server/RemoteCall;)V+310 java.rmi@21.0.1
j  sun.rmi.transport.Transport$1.run()Ljava/lang/Void;+23 java.rmi@21.0.1
j  sun.rmi.transport.Transport$1.run()Ljava/lang/Object;+1 java.rmi@21.0.1
J 1238 c1 java.security.AccessController.executePrivileged(Ljava/security/PrivilegedExceptionAction;Ljava/security/AccessControlContext;Ljava/lang/Class;)Ljava/lang/Object; java.base@21.0.1 (65 bytes) @ 0x000001b08b2b471c [0x000001b08b2b46c0+0x000000000000005c]
j  java.security.AccessController.doPrivileged(Ljava/security/PrivilegedExceptionAction;Ljava/security/AccessControlContext;)Ljava/lang/Object;+13 java.base@21.0.1
j  sun.rmi.transport.Transport.serviceCall(Ljava/rmi/server/RemoteCall;)Z+164 java.rmi@21.0.1
j  sun.rmi.transport.tcp.TCPTransport.handleMessages(Lsun/rmi/transport/Connection;Z)V+145 java.rmi@21.0.1
j  sun.rmi.transport.tcp.TCPTransport$ConnectionHandler.run0()V+522 java.rmi@21.0.1
j  sun.rmi.transport.tcp.TCPTransport$ConnectionHandler.lambda$run$0()Ljava/lang/Void;+1 java.rmi@21.0.1
j  sun.rmi.transport.tcp.TCPTransport$ConnectionHandler$$Lambda+0x000001b0950ab590.run()Ljava/lang/Object;+4 java.rmi@21.0.1
J 1180 c1 java.security.AccessController.executePrivileged(Ljava/security/PrivilegedAction;Ljava/security/AccessControlContext;Ljava/lang/Class;)Ljava/lang/Object; java.base@21.0.1 (65 bytes) @ 0x000001b08b29eb1c [0x000001b08b29eac0+0x000000000000005c]
j  java.security.AccessController.doPrivileged(Ljava/security/PrivilegedAction;Ljava/security/AccessControlContext;)Ljava/lang/Object;+13 java.base@21.0.1
j  sun.rmi.transport.tcp.TCPTransport$ConnectionHandler.run()V+37 java.rmi@21.0.1
j  java.util.concurrent.ThreadPoolExecutor.runWorker(Ljava/util/concurrent/ThreadPoolExecutor$Worker;)V+92 java.base@21.0.1
j  java.util.concurrent.ThreadPoolExecutor$Worker.run()V+5 java.base@21.0.1
j  java.lang.Thread.runWith(Ljava/lang/Object;Ljava/lang/Runnable;)V+5 java.base@21.0.1
j  java.lang.Thread.run()V+19 java.base@21.0.1
v  ~StubRoutines::call_stub 0x000001b08ae2100d

Compiled method (n/a)    1214 1412     n 0       java.lang.ClassLoader::defineClass1 (native)
 total in heap  [0x000001b08b302f10,0x000001b08b303570] = 1632
 relocation     [0x000001b08b303070,0x000001b08b3030a8] = 56
 main code      [0x000001b08b3030c0,0x000001b08b30356f] = 1199
 stub code      [0x000001b08b30356f,0x000001b08b303570] = 1

[Constant Pool (empty)]

[MachCode]
[Entry Point]
  # {method} {0x000001b09443b6a0} 'defineClass1' '(Ljava/lang/ClassLoader;Ljava/lang/String;[BIILjava/security/ProtectionDomain;Ljava/lang/String;)Ljava/lang/Class;' in 'java/lang/ClassLoader'
  # parm0:    rdx:rdx   = 'java/lang/ClassLoader'
  # parm1:    r8:r8     = 'java/lang/String'
  # parm2:    r9:r9     = '[B'
  # parm3:    rdi       = int
  # parm4:    rsi       = int
  # parm5:    rcx:rcx   = 'java/security/ProtectionDomain'
  # parm6:    [sp+0xa0]   = 'java/lang/String'  (sp of caller)
  0x000001b08b3030c0: 448b 5208 | 49bb 0000 | 0094 b001 | 0000 4d03 | d349 3bc2 | 0f84 0600 

  0x000001b08b3030d8: ;   {runtime_call ic_miss_stub}
  0x000001b08b3030d8: 0000 e9a1 | b6b6 ff90 
[Verified Entry Point]
  0x000001b08b3030e0: 8984 2400 | 80ff ff55 | 488b ec48 | 81ec 9000 | 0000 6690 | 4181 7f20 | 0100 0000 

  0x000001b08b3030fc: ;   {runtime_call StubRoutines (final stubs)}
  0x000001b08b3030fc: 7405 e85d | 1cb5 ff48 | 837d 1000 | 488d 4510 | 480f 4445 | 1048 8944 | 2440 4889 | 4c24 7048 
  0x000001b08b30311c: 83f9 0048 | 8d44 2470 | 480f 4444 | 2470 4889 | 4424 3848 | 8974 2430 | 4889 7c24 | 284c 894c 
  0x000001b08b30313c: 2458 4983 | f900 488d | 4424 5848 | 0f44 4424 | 5848 8944 | 2420 4c89 | 4424 5049 | 83f8 004c 
  0x000001b08b30315c: 8d4c 2450 | 4c0f 444c | 2450 4889 | 5424 4848 | 83fa 004c | 8d44 2448 | 4c0f 4444 

  0x000001b08b303178: ;   {oop(a 'java/lang/Class'{0x00000000911eb4d8} = 'java/lang/ClassLoader')}
  0x000001b08b303178: 2448 49be | d8b4 1e91 | 0000 0000 | 4c89 7424 | 784c 8d74 | 2478 498b | d6c5 f877 

  0x000001b08b303194: ;   {internal_word}
  0x000001b08b303194: 49ba 9131 | 308b b001 | 0000 4d89 | 97a0 0300 | 0049 89a7 | 9803 0000 

  0x000001b08b3031ac: ;   {external_word}
  0x000001b08b3031ac: 49ba c925 | d2c3 fd7f | 0000 4180 | 3a00 0f84 | 4e00 0000 | 5241 5041 

  0x000001b08b3031c4: ;   {metadata({method} {0x000001b09443b6a0} 'defineClass1' '(Ljava/lang/ClassLoader;Ljava/lang/String;[BIILjava/security/ProtectionDomain;Ljava/lang/String;)Ljava/lang/Class;' in 'java/lang/ClassLoader')}
  0x000001b08b3031c4: 5148 ba98 | b643 94b0 | 0100 0049 | 8bcf 4883 | ec20 40f6 | c40f 0f84 | 1900 0000 | 4883 ec08 
  0x000001b08b3031e4: ;   {runtime_call}
  0x000001b08b3031e4: 48b8 30eb | 82c3 fd7f | 0000 ffd0 | 4883 c408 | e90c 0000 

  0x000001b08b3031f8: ;   {runtime_call}
  0x000001b08b3031f8: 0048 b830 | eb82 c3fd | 7f00 00ff | d048 83c4 | 2041 5941 | 585a 498d | 8fb8 0300 | 0041 c787 
  0x000001b08b303218: 4c04 0000 | 0400 0000 

  0x000001b08b303220: ;   {runtime_call}
  0x000001b08b303220: 48b8 ac16 | 9309 fe7f | 0000 ffd0 | c5f8 7741 | c787 4c04 | 0000 0500 | 0000 f083 | 4424 c000 
  0x000001b08b303240: 493b af50 | 0400 000f | 870e 0000 | 0041 83bf | 4804 0000 | 000f 842b | 0000 00c5 | f877 4889 
  0x000001b08b303260: 45f8 498b | cf4c 8be4 | 4883 ec20 | 4883 e4f0 

  0x000001b08b303270: ;   {runtime_call}
  0x000001b08b303270: 48b8 c0be | 4ec3 fd7f | 0000 ffd0 | 498b e44d | 33e4 488b | 45f8 41c7 | 874c 0400 | 0008 0000 
  0x000001b08b303290: 0041 83bf | c804 0000 | 020f 84a3 

  0x000001b08b30329c: ;   {external_word}
  0x000001b08b30329c: 0200 0049 | bac9 25d2 | c3fd 7f00 | 0041 803a | 000f 844c | 0000 0048 

  0x000001b08b3032b4: ;   {metadata({method} {0x000001b09443b6a0} 'defineClass1' '(Ljava/lang/ClassLoader;Ljava/lang/String;[BIILjava/security/ProtectionDomain;Ljava/lang/String;)Ljava/lang/Class;' in 'java/lang/ClassLoader')}
  0x000001b08b3032b4: 8945 f848 | ba98 b643 | 94b0 0100 | 0049 8bcf | 4883 ec20 | 40f6 c40f | 0f84 1900 | 0000 4883 
  0x000001b08b3032d4: ;   {runtime_call}
  0x000001b08b3032d4: ec08 48b8 | 30eb 82c3 | fd7f 0000 | ffd0 4883 | c408 e90c 

  0x000001b08b3032e8: ;   {runtime_call}
  0x000001b08b3032e8: 0000 0048 | b830 eb82 | c3fd 7f00 | 00ff d048 | 83c4 2048 | 8b45 f849 | c787 9803 | 0000 0000 
  0x000001b08b303308: 0000 49c7 | 87a0 0300 | 0000 0000 | 00c5 f877 | 4885 c00f | 84fe 0100 | 00a8 030f | 8508 0000 
  0x000001b08b303328: 0048 8b00 | e9ee 0100 | 00a8 010f | 8509 0000 | 0048 8b40 | fee9 dd01 | 0000 488b | 40ff 4180 
  0x000001b08b303348: 7f40 000f | 84ce 0100 | 0048 83f8 | 000f 84c4 | 0100 0049 | 8b4f 2848 | 83f9 000f | 8414 0000 
  0x000001b08b303368: 0048 83e9 | 0849 894f | 2849 034f | 3848 8901 | e9a2 0100 | 0048 81ec | d000 0000 | 4889 0424 
  0x000001b08b303388: 4889 4c24 | 0848 8954 | 2410 4889 | 7424 1848 | 897c 2420 | 4c89 4424 | 284c 894c | 2430 4c89 
  0x000001b08b3033a8: 5424 384c | 895c 2440 | c5fb 1144 | 2450 c5fb | 114c 2458 | c5fb 1154 | 2460 c5fb | 115c 2468 
  0x000001b08b3033c8: c5fb 1164 | 2470 c5fb | 116c 2478 | c5fb 11b4 | 2480 0000 | 00c5 fb11 | bc24 8800 | 0000 c57b 
  0x000001b08b3033e8: ;   {no_reloc}
  0x000001b08b3033e8: 1184 2490 | 0000 00c5 | 7b11 8c24 | 9800 0000 | c57b 1194 | 24a0 0000 | 00c5 7b11 | 9c24 a800 
  0x000001b08b303408: 0000 c57b | 11a4 24b0 | 0000 00c5 | 7b11 ac24 | b800 0000 | c57b 11b4 | 24c0 0000 | 00c5 7b11 
  0x000001b08b303428: bc24 c800 | 0000 498b | d748 8bc8 | 4883 ec20 | 40f6 c40f | 0f84 1900 | 0000 4883 

  0x000001b08b303444: ;   {runtime_call}
  0x000001b08b303444: ec08 48b8 | b022 42c3 | fd7f 0000 | ffd0 4883 | c408 e90c 

  0x000001b08b303458: ;   {runtime_call}
  0x000001b08b303458: 0000 0048 | b8b0 2242 | c3fd 7f00 | 00ff d048 | 83c4 20c5 | 7b10 bc24 | c800 0000 | c57b 10b4 
  0x000001b08b303478: 24c0 0000 | 00c5 7b10 | ac24 b800 | 0000 c57b | 10a4 24b0 | 0000 00c5 | 7b10 9c24 | a800 0000 
  0x000001b08b303498: c57b 1094 | 24a0 0000 | 00c5 7b10 | 8c24 9800 | 0000 c57b | 1084 2490 | 0000 00c5 | fb10 bc24 
  0x000001b08b3034b8: 8800 0000 | c5fb 10b4 | 2480 0000 | 00c5 fb10 | 6c24 78c5 | fb10 6424 | 70c5 fb10 | 5c24 68c5 
  0x000001b08b3034d8: fb10 5424 | 60c5 fb10 | 4c24 58c5 | fb10 4424 | 504c 8b5c | 2440 4c8b | 5424 384c | 8b4c 2430 
  0x000001b08b3034f8: 4c8b 4424 | 2848 8b7c | 2420 488b | 7424 1848 | 8b54 2410 | 488b 4c24 | 0848 8b04 | 2448 81c4 
  0x000001b08b303518: d000 0000 | c5f8 7749 | 8b8f 2804 | 0000 c781 | 0001 0000 | 0000 0000 | c949 837f | 0800 0f85 
  0x000001b08b303538: 0100 0000 

  0x000001b08b30353c: ;   {runtime_call StubRoutines (initial stubs)}
  0x000001b08b30353c: c3e9 bed9 | b1ff c5f8 | 7748 8945 | f84c 8be4 | 4883 ec20 | 4883 e4f0 

  0x000001b08b303554: ;   {runtime_call}
  0x000001b08b303554: 48b8 6023 | 83c3 fd7f | 0000 ffd0 | 498b e44d | 33e4 488b | 45f8 e930 | fdff fff4 
[/MachCode]


Compiled method (c1)    1224 1423       1       java.security.AccessController::doPrivileged (9 bytes)
 total in heap  [0x000001b08b309710,0x000001b08b309a48] = 824
 relocation     [0x000001b08b309870,0x000001b08b3098b8] = 72
 main code      [0x000001b08b3098c0,0x000001b08b309970] = 176
 stub code      [0x000001b08b309970,0x000001b08b3099c8] = 88
 metadata       [0x000001b08b3099c8,0x000001b08b3099d8] = 16
 scopes data    [0x000001b08b3099d8,0x000001b08b309a00] = 40
 scopes pcs     [0x000001b08b309a00,0x000001b08b309a40] = 64
 dependencies   [0x000001b08b309a40,0x000001b08b309a48] = 8

[Constant Pool (empty)]

[MachCode]
[Verified Entry Point]
  # {method} {0x000001b094476e08} 'doPrivileged' '(Ljava/security/PrivilegedAction;)Ljava/lang/Object;' in 'java/security/AccessController'
  # parm0:    rdx:rdx   = 'java/security/PrivilegedAction'
  #           [sp+0x70]  (sp of caller)
  0x000001b08b3098c0: 8984 2400 | 80ff ff55 | 4883 ec60 | 4181 7f20 | 0100 0000 

  0x000001b08b3098d4: ;   {runtime_call StubRoutines (final stubs)}
  0x000001b08b3098d4: 7405 e885 | b4b4 ff48 | 8954 2440 | 0f1f 8000 

  0x000001b08b3098e4: ;   {static_call}
  0x000001b08b3098e4: 0000 00e8 

  0x000001b08b3098e8: ; ImmutableOopMap {[64]=Oop }
                      ;*invokestatic getCallerClass {reexecute=0 rethrow=0 return_oop=0}
                      ; - java.security.AccessController::doPrivileged@2 (line 319)
  0x000001b08b3098e8: f49f ddff 

  0x000001b08b3098ec: ;   {other}
  0x000001b08b3098ec: 0f1f 8400 | dc01 0000 | 488b 5424 | 4048 8944 | 2448 0f1f | 8000 0000 | 0048 b8ff | ffff ffff 
  0x000001b08b30990c: ;   {virtual_call}
  0x000001b08b30990c: ffff ffe8 

  0x000001b08b309910: ; ImmutableOopMap {[72]=Oop }
                      ;*invokeinterface run {reexecute=0 rethrow=0 return_oop=0}
                      ; - java.security.AccessController::executePrivileged@29 (line 778)
                      ; - java.security.AccessController::doPrivileged@5 (line 319)
  0x000001b08b309910: cc1f b6ff 

  0x000001b08b309914: ;   {other}
  0x000001b08b309914: 0f1f 8400 | 0402 0001 | 4883 c460 

  0x000001b08b309920: ;   {poll_return}
  0x000001b08b309920: 5d49 3ba7 | 5004 0000 | 0f87 0100 

  0x000001b08b30992c: ;   {internal_word}
  0x000001b08b30992c: 0000 c349 | ba21 9930 | 8bb0 0100 | 004d 8997 | 6804 0000 

  0x000001b08b309940: ;   {runtime_call SafepointBlob}
  0x000001b08b309940: e9bb bdb6 | ff49 8b87 | 0005 0000 | 49c7 8700 | 0500 0000 | 0000 0049 | c787 0805 | 0000 0000 
  0x000001b08b309960: 0000 4883 

  0x000001b08b309964: ;   {runtime_call unwind_exception Runtime1 stub}
  0x000001b08b309964: c460 5de9 | 949e c1ff | f4f4 f4f4 
[Stub Code]
  0x000001b08b309970: ;   {no_reloc}
  0x000001b08b309970: 0f1f 4400 

  0x000001b08b309974: ;   {static_stub}
  0x000001b08b309974: 0048 bb00 | 0000 0000 

  0x000001b08b30997c: ;   {runtime_call}
  0x000001b08b30997c: 0000 00e9 | fbff ffff 

  0x000001b08b309984: ;   {static_stub}
  0x000001b08b309984: 48bb 0000 | 0000 0000 

  0x000001b08b30998c: ;   {runtime_call}
  0x000001b08b30998c: 0000 e9fb 

  0x000001b08b309990: ;   {runtime_call handle_exception_from_callee Runtime1 stub}
  0x000001b08b309990: ffff ffe8 | 68cb c1ff 

  0x000001b08b309998: ;   {external_word}
  0x000001b08b309998: 48b9 e027 | aac3 fd7f | 0000 4883 

  0x000001b08b3099a4: ;   {runtime_call}
  0x000001b08b3099a4: e4f0 48b8 | e00f 72c3 | fd7f 0000 

  0x000001b08b3099b0: ;   {section_word}
  0x000001b08b3099b0: ffd0 f449 | bab3 9930 | 8bb0 0100 

  0x000001b08b3099bc: ;   {runtime_call DeoptimizationBlob}
  0x000001b08b3099bc: 0041 52e9 | dcaf b6ff | f4f4 f4f4 
[/MachCode]


Compiled method (c1)    1227 1238       1       java.security.AccessController::executePrivileged (65 bytes)
 total in heap  [0x000001b08b2b4510,0x000001b08b2b4848] = 824
 relocation     [0x000001b08b2b4670,0x000001b08b2b46b8] = 72
 main code      [0x000001b08b2b46c0,0x000001b08b2b4778] = 184
 stub code      [0x000001b08b2b4778,0x000001b08b2b47d0] = 88
 metadata       [0x000001b08b2b47d0,0x000001b08b2b47d8] = 8
 scopes data    [0x000001b08b2b47d8,0x000001b08b2b4800] = 40
 scopes pcs     [0x000001b08b2b4800,0x000001b08b2b4840] = 64
 dependencies   [0x000001b08b2b4840,0x000001b08b2b4848] = 8

[Constant Pool (empty)]

[MachCode]
[Verified Entry Point]
  # {method} {0x000001b094477198} 'executePrivileged' '(Ljava/security/PrivilegedExceptionAction;Ljava/security/AccessControlContext;Ljava/lang/Class;)Ljava/lang/Object;' in 'java/security/AccessController'
  # parm0:    rdx:rdx   = 'java/security/PrivilegedExceptionAction'
  # parm1:    r8:r8     = 'java/security/AccessControlContext'
  # parm2:    r9:r9     = 'java/lang/Class'
  #           [sp+0x50]  (sp of caller)
  0x000001b08b2b46c0: 8984 2400 | 80ff ff55 | 4883 ec40 | 4181 7f20 | 0100 0000 

  0x000001b08b2b46d4: ;   {runtime_call StubRoutines (final stubs)}
  0x000001b08b2b46d4: 7405 e885 | 06ba ff4c | 8944 2430 | 4c89 4c24 | 2849 83f8 | 000f 841a | 0000 0048 | 8954 2420 
  0x000001b08b2b46f4: ;   {static_call}
  0x000001b08b2b46f4: 498b d0e8 

  0x000001b08b2b46f8: ; ImmutableOopMap {[32]=Oop [40]=Oop [48]=Oop }
                      ;*invokestatic ensureMaterializedForStackWalk {reexecute=0 rethrow=0 return_oop=0}
                      ; - java.security.AccessController::executePrivileged@5 (line 805)
  0x000001b08b2b46f8: 9000 0000 

  0x000001b08b2b46fc: ;   {other}
  0x000001b08b2b46fc: 0f1f 8400 | ec01 0000 | 488b 5424 | 200f 1f40 | 0048 b880 | 3049 d9b0 

  0x000001b08b2b4714: ;   {virtual_call}
  0x000001b08b2b4714: 0100 00e8 

  0x000001b08b2b4718: ; ImmutableOopMap {[40]=Oop [48]=Oop }
                      ;*invokeinterface run {reexecute=0 rethrow=0 return_oop=0}
                      ; - java.security.AccessController::executePrivileged@29 (line 809)
  0x000001b08b2b4718: c46f bbff 

  0x000001b08b2b471c: ;   {other}
  0x000001b08b2b471c: 0f1f 8400 | 0c02 0001 | 4883 c440 

  0x000001b08b2b4728: ;   {poll_return}
  0x000001b08b2b4728: 5d49 3ba7 | 5004 0000 | 0f87 0100 

  0x000001b08b2b4734: ;   {internal_word}
  0x000001b08b2b4734: 0000 c349 | ba29 472b | 8bb0 0100 | 004d 8997 | 6804 0000 

  0x000001b08b2b4748: ;   {runtime_call SafepointBlob}
  0x000001b08b2b4748: e9b3 0fbc | ff49 8b87 | 0005 0000 | 49c7 8700 | 0500 0000 | 0000 0049 | c787 0805 | 0000 0000 
  0x000001b08b2b4768: 0000 4883 

  0x000001b08b2b476c: ;   {runtime_call unwind_exception Runtime1 stub}
  0x000001b08b2b476c: c440 5de9 | 8cf0 c6ff | f4f4 f4f4 
[Stub Code]
  0x000001b08b2b4778: ;   {no_reloc}
  0x000001b08b2b4778: 0f1f 4400 

  0x000001b08b2b477c: ;   {static_stub}
  0x000001b08b2b477c: 0048 bb00 | 0000 0000 

  0x000001b08b2b4784: ;   {runtime_call}
  0x000001b08b2b4784: 0000 00e9 | fbff ffff 

  0x000001b08b2b478c: ;   {static_stub}
  0x000001b08b2b478c: 48bb 1070 | 4794 b001 

  0x000001b08b2b4794: ;   {runtime_call I2C/C2I adapters}
  0x000001b08b2b4794: 0000 e9c8 

  0x000001b08b2b4798: ;   {runtime_call handle_exception_from_callee Runtime1 stub}
  0x000001b08b2b4798: ecbb ffe8 | 601d c7ff 

  0x000001b08b2b47a0: ;   {external_word}
  0x000001b08b2b47a0: 48b9 e027 | aac3 fd7f | 0000 4883 

  0x000001b08b2b47ac: ;   {runtime_call}
  0x000001b08b2b47ac: e4f0 48b8 | e00f 72c3 | fd7f 0000 

  0x000001b08b2b47b8: ;   {section_word}
  0x000001b08b2b47b8: ffd0 f449 | babb 472b | 8bb0 0100 

  0x000001b08b2b47c4: ;   {runtime_call DeoptimizationBlob}
  0x000001b08b2b47c4: 0041 52e9 | d401 bcff | f4f4 f4f4 
[/MachCode]


---------------  P R O C E S S  ---------------

Threads class SMR info:
_java_thread_list=0x000001b0d97fea60, length=18, elements={
0x000001b0811e9760, 0x000001b09345e0e0, 0x000001b09345eca0, 0x000001b093462b10,
0x000001b093466a50, 0x000001b093468c60, 0x000001b093469e60, 0x000001b09346e560,
0x000001b093682820, 0x000001b093682ee0, 0x000001b0936835b0, 0x000001b0939ddaf0,
0x000001b0939de160, 0x000001b093683c80, 0x000001b0d947bbb0, 0x000001b0d97ea6e0,
0x000001b0d9826dc0, 0x000001b0d98386d0
}

Java Threads: ( => current thread )
  0x000001b0811e9760 JavaThread "main"                              [_thread_in_vm, id=9944, stack(0x00000060fa400000,0x00000060fa500000) (1024K)]
  0x000001b09345e0e0 JavaThread "Reference Handler"          daemon [_thread_blocked, id=5780, stack(0x00000060fac00000,0x00000060fad00000) (1024K)]
  0x000001b09345eca0 JavaThread "Finalizer"                  daemon [_thread_blocked, id=10632, stack(0x00000060fad00000,0x00000060fae00000) (1024K)]
  0x000001b093462b10 JavaThread "Signal Dispatcher"          daemon [_thread_blocked, id=8568, stack(0x00000060fae00000,0x00000060faf00000) (1024K)]
  0x000001b093466a50 JavaThread "Attach Listener"            daemon [_thread_blocked, id=5312, stack(0x00000060faf00000,0x00000060fb000000) (1024K)]
  0x000001b093468c60 JavaThread "Service Thread"             daemon [_thread_blocked, id=3012, stack(0x00000060fb000000,0x00000060fb100000) (1024K)]
  0x000001b093469e60 JavaThread "Monitor Deflation Thread"   daemon [_thread_blocked, id=8764, stack(0x00000060fb100000,0x00000060fb200000) (1024K)]
  0x000001b09346e560 JavaThread "C1 CompilerThread0"         daemon [_thread_blocked, id=13892, stack(0x00000060fb200000,0x00000060fb300000) (1024K)]
  0x000001b093682820 JavaThread "Common-Cleaner"             daemon [_thread_blocked, id=4456, stack(0x00000060fb300000,0x00000060fb400000) (1024K)]
  0x000001b093682ee0 JavaThread "C1 CompilerThread1"         daemon [_thread_blocked, id=1004, stack(0x00000060fb400000,0x00000060fb500000) (1024K)]
  0x000001b0936835b0 JavaThread "C1 CompilerThread2"         daemon [_thread_blocked, id=5472, stack(0x00000060fb500000,0x00000060fb600000) (1024K)]
  0x000001b0939ddaf0 JavaThread "Monitor Ctrl-Break"         daemon [_thread_in_native, id=16412, stack(0x00000060fb600000,0x00000060fb700000) (1024K)]
  0x000001b0939de160 JavaThread "Notification Thread"        daemon [_thread_blocked, id=19156, stack(0x00000060fb700000,0x00000060fb800000) (1024K)]
  0x000001b093683c80 JavaThread "C1 CompilerThread3"         daemon [_thread_blocked, id=6076, stack(0x00000060fb800000,0x00000060fb900000) (1024K)]
  0x000001b0d947bbb0 JavaThread "RMI TCP Accept-0"           daemon [_thread_in_native, id=11944, stack(0x00000060fb900000,0x00000060fba00000) (1024K)]
=>0x000001b0d97ea6e0 JavaThread "RMI TCP Connection(1)-192.168.0.106" daemon [_thread_in_vm, id=16560, stack(0x00000060fc000000,0x00000060fc100000) (1024K)]
  0x000001b0d9826dc0 JavaThread "RMI Scheduler(0)"           daemon [_thread_blocked, id=13092, stack(0x00000060fc100000,0x00000060fc200000) (1024K)]
  0x000001b0d98386d0 JavaThread "JMX server connection timeout 32" daemon [_thread_blocked, id=5144, stack(0x00000060fc200000,0x00000060fc300000) (1024K)]
Total: 18

Other Threads:
  0x000001b09343c350 VMThread "VM Thread"                           [id=14884, stack(0x00000060fab00000,0x00000060fac00000) (1024K)]
  0x000001b093428810 WatcherThread "VM Periodic Task Thread"        [id=17580, stack(0x00000060faa00000,0x00000060fab00000) (1024K)]
  0x000001b081238bf0 WorkerThread "GC Thread#0"                     [id=10628, stack(0x00000060fa500000,0x00000060fa600000) (1024K)]
  0x000001b0d9566d90 WorkerThread "GC Thread#1"                     [id=17712, stack(0x00000060fba00000,0x00000060fbb00000) (1024K)]
  0x000001b0d977c210 WorkerThread "GC Thread#2"                     [id=16396, stack(0x00000060fbb00000,0x00000060fbc00000) (1024K)]
  0x000001b0d977c5b0 WorkerThread "GC Thread#3"                     [id=12524, stack(0x00000060fbc00000,0x00000060fbd00000) (1024K)]
  0x000001b0d977c950 WorkerThread "GC Thread#4"                     [id=6520, stack(0x00000060fbd00000,0x00000060fbe00000) (1024K)]
  0x000001b0d977ccf0 WorkerThread "GC Thread#5"                     [id=8372, stack(0x00000060fbe00000,0x00000060fbf00000) (1024K)]
  0x000001b0d977d8a0 WorkerThread "GC Thread#6"                     [id=9668, stack(0x00000060fbf00000,0x00000060fc000000) (1024K)]
  0x000001b081248b90 ConcurrentGCThread "G1 Main Marker"            [id=13604, stack(0x00000060fa600000,0x00000060fa700000) (1024K)]
  0x000001b081249e30 WorkerThread "G1 Conc#0"                       [id=5300, stack(0x00000060fa700000,0x00000060fa800000) (1024K)]
  0x000001b0932fb120 ConcurrentGCThread "G1 Refine#0"               [id=4524, stack(0x00000060fa800000,0x00000060fa900000) (1024K)]
  0x000001b0932fbba0 ConcurrentGCThread "G1 Service"                [id=13036, stack(0x00000060fa900000,0x00000060faa00000) (1024K)]
Total: 13

Threads with active compile tasks:
Total: 0

VM state: not at safepoint (normal execution)

VM Mutex/Monitor currently owned by a thread:  ([mutex/lock_event])
[0x00007ffdc3d38578] Metaspace_lock - owner thread: 0x000001b0d97ea6e0

Heap address: 0x0000000091000000, size: 1776 MB, Compressed Oops mode: 32-bit

CDS archive(s) mapped at: [0x000001b094000000-0x000001b094c90000-0x000001b094c90000), size 13172736, SharedBaseAddress: 0x000001b094000000, ArchiveRelocationMode: 1.
Compressed class space mapped at: 0x000001b095000000-0x000001b0d5000000, reserved size: 1073741824
Narrow klass base: 0x000001b094000000, Narrow klass shift: 0, Narrow klass range: 0x100000000

GC Precious Log:
 CardTable entry size: 512
 Card Set container configuration: InlinePtr #cards 5 size 8 Array Of Cards #cards 12 size 40 Howl #buckets 4 coarsen threshold 1843 Howl Bitmap #cards 512 size 80 coarsen threshold 460 Card regions per heap region 1 cards per card region 2048
 CPUs: 8 total, 8 available
 Memory: 7103M
 Large Page Support: Disabled
 NUMA Support: Disabled
 Compressed Oops: Enabled (32-bit)
 Heap Region Size: 1M
 Heap Min Capacity: 8M
 Heap Initial Capacity: 112M
 Heap Max Capacity: 1776M
 Pre-touch: Disabled
 Parallel Workers: 8
 Concurrent Workers: 2
 Concurrent Refinement Workers: 8
 Periodic GC: Disabled

Heap:
 garbage-first heap   total 114688K, used 13440K [0x0000000091000000, 0x0000000100000000)
  region size 1024K, 8 young (8192K), 3 survivors (3072K)
 Metaspace       used 8075K, committed 8256K, reserved 1114112K
  class space    used 996K, committed 1088K, reserved 1048576K

Heap Regions: E=young(eden), S=young(survivor), O=old, HS=humongous(starts), HC=humongous(continues), CS=collection set, F=free, TAMS=top-at-mark-start, PB=parsable bottom
|   0|0x0000000091000000, 0x0000000091100000, 0x0000000091100000|100%|HS|  |TAMS 0x0000000091000000| PB 0x0000000091000000| Complete 
|   1|0x0000000091100000, 0x0000000091200000, 0x0000000091200000|100%| O|  |TAMS 0x0000000091100000| PB 0x0000000091100000| Untracked 
|   2|0x0000000091200000, 0x0000000091300000, 0x0000000091300000|100%| O|  |TAMS 0x0000000091200000| PB 0x0000000091200000| Untracked 
|   3|0x0000000091300000, 0x0000000091400000, 0x0000000091400000|100%| O|  |TAMS 0x0000000091300000| PB 0x0000000091300000| Untracked 
|   4|0x0000000091400000, 0x0000000091500000, 0x0000000091500000|100%| O|  |TAMS 0x0000000091400000| PB 0x0000000091400000| Untracked 
|   5|0x0000000091500000, 0x0000000091600000, 0x0000000091600000|100%| O|  |TAMS 0x0000000091500000| PB 0x0000000091500000| Untracked 
|   6|0x0000000091600000, 0x0000000091620000, 0x0000000091700000| 12%| O|  |TAMS 0x0000000091600000| PB 0x0000000091600000| Untracked 
|   7|0x0000000091700000, 0x0000000091700000, 0x0000000091800000|  0%| F|  |TAMS 0x0000000091700000| PB 0x0000000091700000| Untracked 
|   8|0x0000000091800000, 0x0000000091800000, 0x0000000091900000|  0%| F|  |TAMS 0x0000000091800000| PB 0x0000000091800000| Untracked 
|   9|0x0000000091900000, 0x0000000091900000, 0x0000000091a00000|  0%| F|  |TAMS 0x0000000091900000| PB 0x0000000091900000| Untracked 
|  10|0x0000000091a00000, 0x0000000091a00000, 0x0000000091b00000|  0%| F|  |TAMS 0x0000000091a00000| PB 0x0000000091a00000| Untracked 
|  11|0x0000000091b00000, 0x0000000091b00000, 0x0000000091c00000|  0%| F|  |TAMS 0x0000000091b00000| PB 0x0000000091b00000| Untracked 
|  12|0x0000000091c00000, 0x0000000091c00000, 0x0000000091d00000|  0%| F|  |TAMS 0x0000000091c00000| PB 0x0000000091c00000| Untracked 
|  13|0x0000000091d00000, 0x0000000091d00000, 0x0000000091e00000|  0%| F|  |TAMS 0x0000000091d00000| PB 0x0000000091d00000| Untracked 
|  14|0x0000000091e00000, 0x0000000091e00000, 0x0000000091f00000|  0%| F|  |TAMS 0x0000000091e00000| PB 0x0000000091e00000| Untracked 
|  15|0x0000000091f00000, 0x0000000091f00000, 0x0000000092000000|  0%| F|  |TAMS 0x0000000091f00000| PB 0x0000000091f00000| Untracked 
|  16|0x0000000092000000, 0x0000000092000000, 0x0000000092100000|  0%| F|  |TAMS 0x0000000092000000| PB 0x0000000092000000| Untracked 
|  17|0x0000000092100000, 0x0000000092100000, 0x0000000092200000|  0%| F|  |TAMS 0x0000000092100000| PB 0x0000000092100000| Untracked 
|  18|0x0000000092200000, 0x0000000092200000, 0x0000000092300000|  0%| F|  |TAMS 0x0000000092200000| PB 0x0000000092200000| Untracked 
|  19|0x0000000092300000, 0x0000000092300000, 0x0000000092400000|  0%| F|  |TAMS 0x0000000092300000| PB 0x0000000092300000| Untracked 
|  20|0x0000000092400000, 0x0000000092400000, 0x0000000092500000|  0%| F|  |TAMS 0x0000000092400000| PB 0x0000000092400000| Untracked 
|  21|0x0000000092500000, 0x0000000092500000, 0x0000000092600000|  0%| F|  |TAMS 0x0000000092500000| PB 0x0000000092500000| Untracked 
|  22|0x0000000092600000, 0x0000000092600000, 0x0000000092700000|  0%| F|  |TAMS 0x0000000092600000| PB 0x0000000092600000| Untracked 
|  23|0x0000000092700000, 0x0000000092700000, 0x0000000092800000|  0%| F|  |TAMS 0x0000000092700000| PB 0x0000000092700000| Untracked 
|  24|0x0000000092800000, 0x0000000092800000, 0x0000000092900000|  0%| F|  |TAMS 0x0000000092800000| PB 0x0000000092800000| Untracked 
|  25|0x0000000092900000, 0x0000000092900000, 0x0000000092a00000|  0%| F|  |TAMS 0x0000000092900000| PB 0x0000000092900000| Untracked 
|  26|0x0000000092a00000, 0x0000000092a00000, 0x0000000092b00000|  0%| F|  |TAMS 0x0000000092a00000| PB 0x0000000092a00000| Untracked 
|  27|0x0000000092b00000, 0x0000000092b00000, 0x0000000092c00000|  0%| F|  |TAMS 0x0000000092b00000| PB 0x0000000092b00000| Untracked 
|  28|0x0000000092c00000, 0x0000000092c00000, 0x0000000092d00000|  0%| F|  |TAMS 0x0000000092c00000| PB 0x0000000092c00000| Untracked 
|  29|0x0000000092d00000, 0x0000000092d00000, 0x0000000092e00000|  0%| F|  |TAMS 0x0000000092d00000| PB 0x0000000092d00000| Untracked 
|  30|0x0000000092e00000, 0x0000000092e00000, 0x0000000092f00000|  0%| F|  |TAMS 0x0000000092e00000| PB 0x0000000092e00000| Untracked 
|  31|0x0000000092f00000, 0x0000000092f00000, 0x0000000093000000|  0%| F|  |TAMS 0x0000000092f00000| PB 0x0000000092f00000| Untracked 
|  32|0x0000000093000000, 0x0000000093000000, 0x0000000093100000|  0%| F|  |TAMS 0x0000000093000000| PB 0x0000000093000000| Untracked 
|  33|0x0000000093100000, 0x0000000093100000, 0x0000000093200000|  0%| F|  |TAMS 0x0000000093100000| PB 0x0000000093100000| Untracked 
|  34|0x0000000093200000, 0x0000000093200000, 0x0000000093300000|  0%| F|  |TAMS 0x0000000093200000| PB 0x0000000093200000| Untracked 
|  35|0x0000000093300000, 0x0000000093300000, 0x0000000093400000|  0%| F|  |TAMS 0x0000000093300000| PB 0x0000000093300000| Untracked 
|  36|0x0000000093400000, 0x0000000093400000, 0x0000000093500000|  0%| F|  |TAMS 0x0000000093400000| PB 0x0000000093400000| Untracked 
|  37|0x0000000093500000, 0x0000000093500000, 0x0000000093600000|  0%| F|  |TAMS 0x0000000093500000| PB 0x0000000093500000| Untracked 
|  38|0x0000000093600000, 0x0000000093600000, 0x0000000093700000|  0%| F|  |TAMS 0x0000000093600000| PB 0x0000000093600000| Untracked 
|  39|0x0000000093700000, 0x0000000093700000, 0x0000000093800000|  0%| F|  |TAMS 0x0000000093700000| PB 0x0000000093700000| Untracked 
|  40|0x0000000093800000, 0x0000000093800000, 0x0000000093900000|  0%| F|  |TAMS 0x0000000093800000| PB 0x0000000093800000| Untracked 
|  41|0x0000000093900000, 0x0000000093900000, 0x0000000093a00000|  0%| F|  |TAMS 0x0000000093900000| PB 0x0000000093900000| Untracked 
|  42|0x0000000093a00000, 0x0000000093a00000, 0x0000000093b00000|  0%| F|  |TAMS 0x0000000093a00000| PB 0x0000000093a00000| Untracked 
|  43|0x0000000093b00000, 0x0000000093b00000, 0x0000000093c00000|  0%| F|  |TAMS 0x0000000093b00000| PB 0x0000000093b00000| Untracked 
|  44|0x0000000093c00000, 0x0000000093c00000, 0x0000000093d00000|  0%| F|  |TAMS 0x0000000093c00000| PB 0x0000000093c00000| Untracked 
|  45|0x0000000093d00000, 0x0000000093d00000, 0x0000000093e00000|  0%| F|  |TAMS 0x0000000093d00000| PB 0x0000000093d00000| Untracked 
|  46|0x0000000093e00000, 0x0000000093e00000, 0x0000000093f00000|  0%| F|  |TAMS 0x0000000093e00000| PB 0x0000000093e00000| Untracked 
|  47|0x0000000093f00000, 0x0000000093f00000, 0x0000000094000000|  0%| F|  |TAMS 0x0000000093f00000| PB 0x0000000093f00000| Untracked 
|  48|0x0000000094000000, 0x0000000094000000, 0x0000000094100000|  0%| F|  |TAMS 0x0000000094000000| PB 0x0000000094000000| Untracked 
|  49|0x0000000094100000, 0x0000000094100000, 0x0000000094200000|  0%| F|  |TAMS 0x0000000094100000| PB 0x0000000094100000| Untracked 
|  50|0x0000000094200000, 0x0000000094200000, 0x0000000094300000|  0%| F|  |TAMS 0x0000000094200000| PB 0x0000000094200000| Untracked 
|  51|0x0000000094300000, 0x0000000094300000, 0x0000000094400000|  0%| F|  |TAMS 0x0000000094300000| PB 0x0000000094300000| Untracked 
|  52|0x0000000094400000, 0x0000000094400000, 0x0000000094500000|  0%| F|  |TAMS 0x0000000094400000| PB 0x0000000094400000| Untracked 
|  53|0x0000000094500000, 0x0000000094500000, 0x0000000094600000|  0%| F|  |TAMS 0x0000000094500000| PB 0x0000000094500000| Untracked 
|  54|0x0000000094600000, 0x0000000094600000, 0x0000000094700000|  0%| F|  |TAMS 0x0000000094600000| PB 0x0000000094600000| Untracked 
|  55|0x0000000094700000, 0x0000000094700000, 0x0000000094800000|  0%| F|  |TAMS 0x0000000094700000| PB 0x0000000094700000| Untracked 
|  56|0x0000000094800000, 0x0000000094800000, 0x0000000094900000|  0%| F|  |TAMS 0x0000000094800000| PB 0x0000000094800000| Untracked 
|  57|0x0000000094900000, 0x0000000094900000, 0x0000000094a00000|  0%| F|  |TAMS 0x0000000094900000| PB 0x0000000094900000| Untracked 
|  58|0x0000000094a00000, 0x0000000094a00000, 0x0000000094b00000|  0%| F|  |TAMS 0x0000000094a00000| PB 0x0000000094a00000| Untracked 
|  59|0x0000000094b00000, 0x0000000094b00000, 0x0000000094c00000|  0%| F|  |TAMS 0x0000000094b00000| PB 0x0000000094b00000| Untracked 
|  60|0x0000000094c00000, 0x0000000094c00000, 0x0000000094d00000|  0%| F|  |TAMS 0x0000000094c00000| PB 0x0000000094c00000| Untracked 
|  61|0x0000000094d00000, 0x0000000094d00000, 0x0000000094e00000|  0%| F|  |TAMS 0x0000000094d00000| PB 0x0000000094d00000| Untracked 
|  62|0x0000000094e00000, 0x0000000094e00000, 0x0000000094f00000|  0%| F|  |TAMS 0x0000000094e00000| PB 0x0000000094e00000| Untracked 
|  63|0x0000000094f00000, 0x0000000094f00000, 0x0000000095000000|  0%| F|  |TAMS 0x0000000094f00000| PB 0x0000000094f00000| Untracked 
|  64|0x0000000095000000, 0x0000000095000000, 0x0000000095100000|  0%| F|  |TAMS 0x0000000095000000| PB 0x0000000095000000| Untracked 
|  65|0x0000000095100000, 0x0000000095100000, 0x0000000095200000|  0%| F|  |TAMS 0x0000000095100000| PB 0x0000000095100000| Untracked 
|  66|0x0000000095200000, 0x0000000095200000, 0x0000000095300000|  0%| F|  |TAMS 0x0000000095200000| PB 0x0000000095200000| Untracked 
|  67|0x0000000095300000, 0x0000000095300000, 0x0000000095400000|  0%| F|  |TAMS 0x0000000095300000| PB 0x0000000095300000| Untracked 
|  68|0x0000000095400000, 0x0000000095400000, 0x0000000095500000|  0%| F|  |TAMS 0x0000000095400000| PB 0x0000000095400000| Untracked 
|  69|0x0000000095500000, 0x0000000095500000, 0x0000000095600000|  0%| F|  |TAMS 0x0000000095500000| PB 0x0000000095500000| Untracked 
|  70|0x0000000095600000, 0x0000000095600000, 0x0000000095700000|  0%| F|  |TAMS 0x0000000095600000| PB 0x0000000095600000| Untracked 
|  71|0x0000000095700000, 0x0000000095700000, 0x0000000095800000|  0%| F|  |TAMS 0x0000000095700000| PB 0x0000000095700000| Untracked 
|  72|0x0000000095800000, 0x0000000095800000, 0x0000000095900000|  0%| F|  |TAMS 0x0000000095800000| PB 0x0000000095800000| Untracked 
|  73|0x0000000095900000, 0x0000000095900000, 0x0000000095a00000|  0%| F|  |TAMS 0x0000000095900000| PB 0x0000000095900000| Untracked 
|  74|0x0000000095a00000, 0x0000000095a00000, 0x0000000095b00000|  0%| F|  |TAMS 0x0000000095a00000| PB 0x0000000095a00000| Untracked 
|  75|0x0000000095b00000, 0x0000000095b00000, 0x0000000095c00000|  0%| F|  |TAMS 0x0000000095b00000| PB 0x0000000095b00000| Untracked 
|  76|0x0000000095c00000, 0x0000000095c00000, 0x0000000095d00000|  0%| F|  |TAMS 0x0000000095c00000| PB 0x0000000095c00000| Untracked 
|  77|0x0000000095d00000, 0x0000000095d00000, 0x0000000095e00000|  0%| F|  |TAMS 0x0000000095d00000| PB 0x0000000095d00000| Untracked 
|  78|0x0000000095e00000, 0x0000000095e00000, 0x0000000095f00000|  0%| F|  |TAMS 0x0000000095e00000| PB 0x0000000095e00000| Untracked 
|  79|0x0000000095f00000, 0x0000000095f00000, 0x0000000096000000|  0%| F|  |TAMS 0x0000000095f00000| PB 0x0000000095f00000| Untracked 
|  80|0x0000000096000000, 0x0000000096000000, 0x0000000096100000|  0%| F|  |TAMS 0x0000000096000000| PB 0x0000000096000000| Untracked 
|  81|0x0000000096100000, 0x0000000096100000, 0x0000000096200000|  0%| F|  |TAMS 0x0000000096100000| PB 0x0000000096100000| Untracked 
|  82|0x0000000096200000, 0x0000000096200000, 0x0000000096300000|  0%| F|  |TAMS 0x0000000096200000| PB 0x0000000096200000| Untracked 
|  83|0x0000000096300000, 0x0000000096300000, 0x0000000096400000|  0%| F|  |TAMS 0x0000000096300000| PB 0x0000000096300000| Untracked 
|  84|0x0000000096400000, 0x0000000096400000, 0x0000000096500000|  0%| F|  |TAMS 0x0000000096400000| PB 0x0000000096400000| Untracked 
|  85|0x0000000096500000, 0x0000000096500000, 0x0000000096600000|  0%| F|  |TAMS 0x0000000096500000| PB 0x0000000096500000| Untracked 
|  86|0x0000000096600000, 0x0000000096700000, 0x0000000096700000|100%| S|CS|TAMS 0x0000000096600000| PB 0x0000000096600000| Complete 
|  87|0x0000000096700000, 0x0000000096800000, 0x0000000096800000|100%| S|CS|TAMS 0x0000000096700000| PB 0x0000000096700000| Complete 
|  88|0x0000000096800000, 0x0000000096900000, 0x0000000096900000|100%| S|CS|TAMS 0x0000000096800000| PB 0x0000000096800000| Complete 
|  89|0x0000000096900000, 0x0000000096900000, 0x0000000096a00000|  0%| F|  |TAMS 0x0000000096900000| PB 0x0000000096900000| Untracked 
|  90|0x0000000096a00000, 0x0000000096a00000, 0x0000000096b00000|  0%| F|  |TAMS 0x0000000096a00000| PB 0x0000000096a00000| Untracked 
|  91|0x0000000096b00000, 0x0000000096b00000, 0x0000000096c00000|  0%| F|  |TAMS 0x0000000096b00000| PB 0x0000000096b00000| Untracked 
|  92|0x0000000096c00000, 0x0000000096c00000, 0x0000000096d00000|  0%| F|  |TAMS 0x0000000096c00000| PB 0x0000000096c00000| Untracked 
|  93|0x0000000096d00000, 0x0000000096d00000, 0x0000000096e00000|  0%| F|  |TAMS 0x0000000096d00000| PB 0x0000000096d00000| Untracked 
|  94|0x0000000096e00000, 0x0000000096e00000, 0x0000000096f00000|  0%| F|  |TAMS 0x0000000096e00000| PB 0x0000000096e00000| Untracked 
|  95|0x0000000096f00000, 0x0000000096f00000, 0x0000000097000000|  0%| F|  |TAMS 0x0000000096f00000| PB 0x0000000096f00000| Untracked 
|  96|0x0000000097000000, 0x0000000097000000, 0x0000000097100000|  0%| F|  |TAMS 0x0000000097000000| PB 0x0000000097000000| Untracked 
|  97|0x0000000097100000, 0x0000000097100000, 0x0000000097200000|  0%| F|  |TAMS 0x0000000097100000| PB 0x0000000097100000| Untracked 
|  98|0x0000000097200000, 0x0000000097200000, 0x0000000097300000|  0%| F|  |TAMS 0x0000000097200000| PB 0x0000000097200000| Untracked 
|  99|0x0000000097300000, 0x0000000097300000, 0x0000000097400000|  0%| F|  |TAMS 0x0000000097300000| PB 0x0000000097300000| Untracked 
| 100|0x0000000097400000, 0x0000000097400000, 0x0000000097500000|  0%| F|  |TAMS 0x0000000097400000| PB 0x0000000097400000| Untracked 
| 101|0x0000000097500000, 0x0000000097500000, 0x0000000097600000|  0%| F|  |TAMS 0x0000000097500000| PB 0x0000000097500000| Untracked 
| 102|0x0000000097600000, 0x0000000097600000, 0x0000000097700000|  0%| F|  |TAMS 0x0000000097600000| PB 0x0000000097600000| Untracked 
| 103|0x0000000097700000, 0x0000000097700000, 0x0000000097800000|  0%| F|  |TAMS 0x0000000097700000| PB 0x0000000097700000| Untracked 
| 104|0x0000000097800000, 0x0000000097800000, 0x0000000097900000|  0%| F|  |TAMS 0x0000000097800000| PB 0x0000000097800000| Untracked 
| 105|0x0000000097900000, 0x0000000097900000, 0x0000000097a00000|  0%| F|  |TAMS 0x0000000097900000| PB 0x0000000097900000| Untracked 
| 106|0x0000000097a00000, 0x0000000097a00000, 0x0000000097b00000|  0%| F|  |TAMS 0x0000000097a00000| PB 0x0000000097a00000| Untracked 
| 107|0x0000000097b00000, 0x0000000097bc88d8, 0x0000000097c00000| 78%| E|  |TAMS 0x0000000097b00000| PB 0x0000000097b00000| Complete 
| 108|0x0000000097c00000, 0x0000000097d00000, 0x0000000097d00000|100%| E|CS|TAMS 0x0000000097c00000| PB 0x0000000097c00000| Complete 
| 109|0x0000000097d00000, 0x0000000097e00000, 0x0000000097e00000|100%| E|CS|TAMS 0x0000000097d00000| PB 0x0000000097d00000| Complete 
| 110|0x0000000097e00000, 0x0000000097f00000, 0x0000000097f00000|100%| E|CS|TAMS 0x0000000097e00000| PB 0x0000000097e00000| Complete 
| 111|0x0000000097f00000, 0x0000000098000000, 0x0000000098000000|100%| E|CS|TAMS 0x0000000097f00000| PB 0x0000000097f00000| Complete 

Card table byte_map: [0x000001b08ea80000,0x000001b08ee00000] _byte_map_base: 0x000001b08e5f8000

Marking Bits: (CMBitMap*) 0x000001b0812392f0
 Bits: [0x000001b08ee00000, 0x000001b0909c0000)

Polling page: 0x000001b0812a0000

Metaspace:

Usage:
  Non-class:      6.91 MB used.
      Class:    996.25 KB used.
       Both:      7.89 MB used.

Virtual space:
  Non-class space:       64.00 MB reserved,       7.00 MB ( 11%) committed,  1 nodes.
      Class space:        1.00 GB reserved,       1.06 MB ( <1%) committed,  1 nodes.
             Both:        1.06 GB reserved,       8.06 MB ( <1%) committed. 

Chunk freelists:
   Non-Class:  8.19 MB
       Class:  14.94 MB
        Both:  23.13 MB

MaxMetaspaceSize: unlimited
CompressedClassSpaceSize: 1.00 GB
Initial GC threshold: 21.00 MB
Current GC threshold: 21.00 MB
CDS: on
 - commit_granule_bytes: 65536.
 - commit_granule_words: 8192.
 - virtual_space_node_default_size: 8388608.
 - enlarge_chunks_in_place: 1.
 - use_allocation_guard: 0.


Internal statistics:

num_allocs_failed_limit: 0.
num_arena_births: 256.
num_arena_deaths: 0.
num_vsnodes_births: 2.
num_vsnodes_deaths: 0.
num_space_committed: 129.
num_space_uncommitted: 0.
num_chunks_returned_to_freelist: 0.
num_chunks_taken_from_freelist: 408.
num_chunk_merges: 0.
num_chunk_splits: 245.
num_chunks_enlarged: 123.
num_inconsistent_stats: 0.

CodeCache: size=49152Kb used=5244Kb max_used=5244Kb free=43907Kb
 bounds [0x000001b08ae20000, 0x000001b08b340000, 0x000001b08de20000]
 total_blobs=2043 nmethods=1557 adapters=407
 compilation: enabled
              stopped_count=0, restarted_count=0
 full_count=0

Compilation events (20 events):
Event: 1.188 Thread 0x000001b093683c80 1547       1       java.lang.invoke.BoundMethodHandle::tooComplex (27 bytes)
Event: 1.188 Thread 0x000001b0936835b0 1548       1       java.lang.invoke.BoundMethodHandle::fieldCount (8 bytes)
Event: 1.188 Thread 0x000001b0936835b0 nmethod 1548 0x000001b08b336f90 code [0x000001b08b337140, 0x000001b08b337268]
Event: 1.188 Thread 0x000001b093683c80 nmethod 1547 0x000001b08b337310 code [0x000001b08b3374c0, 0x000001b08b337638]
Event: 1.188 Thread 0x000001b0936835b0 1549       1       java.lang.invoke.LambdaForm::expressionCount (11 bytes)
Event: 1.188 Thread 0x000001b0936835b0 nmethod 1549 0x000001b08b337790 code [0x000001b08b337920, 0x000001b08b3379f8]
Event: 1.188 Thread 0x000001b09346e560 nmethod 1546 0x000001b08b337a90 code [0x000001b08b337c80, 0x000001b08b337fc0]
Event: 1.189 Thread 0x000001b093682ee0 nmethod 1542 0x000001b08b338210 code [0x000001b08b338760, 0x000001b08b33a3b0]
Event: 1.190 Thread 0x000001b09346e560 1552       1       java.lang.PublicMethods$Key::matches (31 bytes)
Event: 1.191 Thread 0x000001b093683c80 1554       1       jdk.internal.org.objectweb.asm.Type::getArgumentTypes (154 bytes)
Event: 1.191 Thread 0x000001b0936835b0 1553       1       jdk.internal.org.objectweb.asm.Frame::setInputFrameFromDescriptor (175 bytes)
Event: 1.191 Thread 0x000001b09346e560 nmethod 1552 0x000001b08b33c090 code [0x000001b08b33c240, 0x000001b08b33c370]
Event: 1.192 Thread 0x000001b0936835b0 nmethod 1553 0x000001b08b33c490 code [0x000001b08b33c6a0, 0x000001b08b33cc08]
Event: 1.193 Thread 0x000001b093683c80 nmethod 1554 0x000001b08b33cf90 code [0x000001b08b33d1c0, 0x000001b08b33dc00]
Event: 1.193 Thread 0x000001b093683c80 1555       1       java.lang.invoke.DirectMethodHandle$Holder::invokeStatic (17 bytes)
Event: 1.193 Thread 0x000001b093683c80 nmethod 1555 0x000001b08b33e390 code [0x000001b08b33e540, 0x000001b08b33e668]
Event: 1.194 Thread 0x000001b093683c80 1556       1       java.lang.reflect.Field::getModifiers (5 bytes)
Event: 1.195 Thread 0x000001b093683c80 nmethod 1556 0x000001b08b33ec90 code [0x000001b08b33ee20, 0x000001b08b33eee8]
Event: 1.195 Thread 0x000001b093683c80 1557       1       sun.reflect.generics.visitor.Reifier::getFactory (5 bytes)
Event: 1.195 Thread 0x000001b093683c80 nmethod 1557 0x000001b08b33ef90 code [0x000001b08b33f120, 0x000001b08b33f1e8]

GC Heap History (2 events):
Event: 1.066 GC heap before
{Heap before GC invocations=0 (full 0):
 garbage-first heap   total 114688K, used 23552K [0x0000000091000000, 0x0000000100000000)
  region size 1024K, 23 young (23552K), 0 survivors (0K)
 Metaspace       used 6737K, committed 6976K, reserved 1114112K
  class space    used 807K, committed 896K, reserved 1048576K
}
Event: 1.079 GC heap after
{Heap after GC invocations=1 (full 0):
 garbage-first heap   total 114688K, used 9344K [0x0000000091000000, 0x0000000100000000)
  region size 1024K, 3 young (3072K), 3 survivors (3072K)
 Metaspace       used 6737K, committed 6976K, reserved 1114112K
  class space    used 807K, committed 896K, reserved 1048576K
}

Dll operation events (11 events):
Event: 0.015 Loaded shared library D:\Java_JDK_Maven\bin\java.dll
Event: 0.230 Loaded shared library D:\Java_JDK_Maven\bin\zip.dll
Event: 0.234 Loaded shared library D:\Java_JDK_Maven\bin\instrument.dll
Event: 0.240 Loaded shared library D:\Java_JDK_Maven\bin\net.dll
Event: 0.242 Loaded shared library D:\Java_JDK_Maven\bin\nio.dll
Event: 0.245 Loaded shared library D:\Java_JDK_Maven\bin\zip.dll
Event: 0.379 Loaded shared library D:\IDEA_ULTIMATE\IntelliJ IDEA 2023.3.2\bin\breakgen64.dll
Event: 0.385 Loaded shared library D:\Java_JDK_Maven\bin\jimage.dll
Event: 0.392 Loaded shared library D:\Java_JDK_Maven\bin\extnet.dll
Event: 0.415 Loaded shared library D:\Java_JDK_Maven\bin\management.dll
Event: 0.431 Loaded shared library D:\Java_JDK_Maven\bin\management_ext.dll

Deoptimization events (4 events):
Event: 0.603 Thread 0x000001b0811e9760 DEOPT PACKING pc=0x000001b08b1786dd sp=0x00000060fa4fce40
Event: 0.603 Thread 0x000001b0811e9760 DEOPT UNPACKING pc=0x000001b08ae74e42 sp=0x00000060fa4fc2f0 mode 3
Event: 0.627 Thread 0x000001b0811e9760 DEOPT PACKING pc=0x000001b08b21ef60 sp=0x00000060fa4fcd40
Event: 0.627 Thread 0x000001b0811e9760 DEOPT UNPACKING pc=0x000001b08ae74e42 sp=0x00000060fa4fc1f8 mode 3

Classes loaded (20 events):
Event: 1.189 Loading class javax/management/MBeanRegistrationException
Event: 1.189 Loading class javax/management/MBeanException
Event: 1.189 Loading class javax/management/MBeanException done
Event: 1.189 Loading class javax/management/MBeanRegistrationException done
Event: 1.189 Loading class javax/management/NotCompliantMBeanException
Event: 1.189 Loading class javax/management/NotCompliantMBeanException done
Event: 1.189 Loading class javax/management/AttributeList
Event: 1.189 Loading class javax/management/AttributeList done
Event: 1.190 Loading class javax/management/IntrospectionException
Event: 1.190 Loading class javax/management/IntrospectionException done
Event: 1.190 Loading class javax/management/AttributeNotFoundException
Event: 1.190 Loading class javax/management/AttributeNotFoundException done
Event: 1.190 Loading class javax/management/InvalidAttributeValueException
Event: 1.190 Loading class javax/management/InvalidAttributeValueException done
Event: 1.190 Loading class javax/management/remote/NotificationResult
Event: 1.190 Loading class javax/management/remote/NotificationResult done
Event: 1.191 Loading class javax/management/remote/rmi/RMIConnectionImpl_Skel
Event: 1.191 Loading class javax/management/remote/rmi/RMIConnectionImpl_Skel done
Event: 1.194 Loading class javax/management/remote/JMXConnectionNotification
Event: 1.194 Loading class javax/management/remote/JMXConnectionNotification done

Classes unloaded (0 events):
No events

Classes redefined (0 events):
No events

Internal exceptions (20 events):
Event: 0.739 Thread 0x000001b0811e9760 Exception <a 'java/lang/NoSuchMethodError'{0x0000000096f9de60}: 'java.lang.Object java.lang.invoke.DirectMethodHandle$Holder.invokeStaticInit(java.lang.Object, int, int, int, int)'> (0x0000000096f9de60) 
thrown [s\open\src\hotspot\share\interpreter\linkResolver.cpp, line 773]
Event: 0.764 Thread 0x000001b0811e9760 Exception <a 'java/lang/NoSuchMethodError'{0x0000000096ff6680}: 'java.lang.Object java.lang.invoke.DirectMethodHandle$Holder.invokeStaticInit(java.lang.Object, java.lang.Object, int, int, int, int)'> (0x0000000096ff6680) 
thrown [s\open\src\hotspot\share\interpreter\linkResolver.cpp, line 773]
Event: 0.783 Thread 0x000001b0811e9760 Exception <a 'java/lang/ClassNotFoundException'{0x0000000096e13288}: javax/management/remote/rmi/RMIServerImpl_Skel> (0x0000000096e13288) 
thrown [s\open\src\hotspot\share\classfile\systemDictionary.cpp, line 312]
Event: 0.798 Thread 0x000001b0811e9760 Exception <a 'java/lang/NoSuchMethodError'{0x0000000096e30138}: 'long java.lang.invoke.DirectMethodHandle$Holder.invokeSpecial(java.lang.Object, java.lang.Object)'> (0x0000000096e30138) 
thrown [s\open\src\hotspot\share\interpreter\linkResolver.cpp, line 773]
Event: 0.799 Thread 0x000001b0811e9760 Exception <a 'java/lang/NoSuchMethodError'{0x0000000096e33800}: 'long java.lang.invoke.Invokers$Holder.invokeExact_MT(java.lang.Object, java.lang.Object)'> (0x0000000096e33800) 
thrown [s\open\src\hotspot\share\interpreter\linkResolver.cpp, line 773]
Event: 0.807 Thread 0x000001b0811e9760 Exception <a 'java/lang/NoSuchMethodError'{0x0000000096e4c938}: 'void java.lang.invoke.DirectMethodHandle$Holder.invokeSpecial(java.lang.Object, java.lang.Object, java.lang.Object)'> (0x0000000096e4c938) 
thrown [s\open\src\hotspot\share\interpreter\linkResolver.cpp, line 773]
Event: 0.899 Thread 0x000001b0811e9760 Exception <a 'java/lang/ClassNotFoundException'{0x0000000096c7ee70}: javax/smartcardio/CardPermission> (0x0000000096c7ee70) 
thrown [s\open\src\hotspot\share\classfile\systemDictionary.cpp, line 312]
Event: 0.903 Thread 0x000001b0811e9760 Exception <a 'java/io/FileNotFoundException'{0x0000000096c8d240}> (0x0000000096c8d240) 
thrown [s\open\src\hotspot\share\prims\jni.cpp, line 520]
Event: 0.925 Thread 0x000001b0811e9760 Exception <a 'java/lang/NoSuchMethodError'{0x0000000096b00420}: 'java.lang.Object java.lang.invoke.DirectMethodHandle$Holder.invokeSpecial(java.lang.Object, java.lang.Object, java.lang.Object, long, java.lang.Object)'> (0x0000000096b00420) 
thrown [s\open\src\hotspot\share\interpreter\linkResolver.cpp, line 773]
Event: 0.925 Thread 0x000001b0811e9760 Exception <a 'java/lang/NoSuchMethodError'{0x0000000096b03df8}: 'java.lang.Object java.lang.invoke.Invokers$Holder.linkToTargetMethod(java.lang.Object, long, java.lang.Object, java.lang.Object)'> (0x0000000096b03df8) 
thrown [s\open\src\hotspot\share\interpreter\linkResolver.cpp, line 773]
Event: 1.017 Thread 0x000001b0811e9760 Exception <a 'java/lang/NoSuchMethodError'{0x0000000096ad0008}: 'void java.lang.invoke.DirectMethodHandle$Holder.invokeStatic(java.lang.Object, java.lang.Object, java.lang.Object, java.lang.Object)'> (0x0000000096ad0008) 
thrown [s\open\src\hotspot\share\interpreter\linkResolver.cpp, line 773]
Event: 1.061 Thread 0x000001b0811e9760 Exception <a 'java/lang/NoSuchMethodError'{0x00000000969e9e10}: 'int java.lang.invoke.DirectMethodHandle$Holder.invokeStaticInit(java.lang.Object, java.lang.Object)'> (0x00000000969e9e10) 
thrown [s\open\src\hotspot\share\interpreter\linkResolver.cpp, line 773]
Event: 1.091 Thread 0x000001b0811e9760 Exception <a 'java/lang/NoSuchMethodError'{0x0000000097f262a8}: 'void java.lang.invoke.DirectMethodHandle$Holder.invokeInterface(java.lang.Object, java.lang.Object, java.lang.Object, java.lang.Object)'> (0x0000000097f262a8) 
thrown [s\open\src\hotspot\share\interpreter\linkResolver.cpp, line 773]
Event: 1.143 Thread 0x000001b093466a50 Exception <a 'java/lang/NoSuchMethodError'{0x0000000097d19228}: 'java.lang.Object java.lang.invoke.Invokers$Holder.invokeExact_MT(java.lang.Object, java.lang.Object, java.lang.Object, java.lang.Object, java.lang.Object, java.lang.Object)'> (0x0000000097d19228) 
thrown [s\open\src\hotspot\share\interpreter\linkResolver.cpp, line 773]
Event: 1.169 Thread 0x000001b0811e9760 Exception <a 'java/lang/NoSuchMethodError'{0x0000000097c666c8}: 'java.lang.Object java.lang.invoke.DirectMethodHandle$Holder.invokeInterface(java.lang.Object, java.lang.Object)'> (0x0000000097c666c8) 
thrown [s\open\src\hotspot\share\interpreter\linkResolver.cpp, line 773]
Event: 1.177 Thread 0x000001b0811e9760 Exception <a 'java/lang/NoSuchMethodError'{0x0000000097ce7970}: 'java.lang.Object java.lang.invoke.DirectMethodHandle$Holder.invokeSpecialIFC(java.lang.Object, java.lang.Object, java.lang.Object, java.lang.Object)'> (0x0000000097ce7970) 
thrown [s\open\src\hotspot\share\interpreter\linkResolver.cpp, line 773]
Event: 1.178 Thread 0x000001b0d97ea6e0 Exception <a 'java/lang/NoSuchMethodError'{0x0000000097b012f0}: static [B.<clinit>()V> (0x0000000097b012f0) 
thrown [s\open\src\hotspot\share\prims\jni.cpp, line 1106]
Event: 1.179 Thread 0x000001b0d97ea6e0 Exception <a 'java/lang/NoSuchMethodError'{0x0000000097b02df8}: 'java.lang.Object java.lang.invoke.DirectMethodHandle$Holder.invokeInterface(java.lang.Object, java.lang.Object, java.lang.Object)'> (0x0000000097b02df8) 
thrown [s\open\src\hotspot\share\interpreter\linkResolver.cpp, line 773]
Event: 1.191 Thread 0x000001b0d98386d0 Exception <a 'java/lang/NoSuchMethodError'{0x0000000097ba3d68}: 'java.lang.Object java.lang.invoke.Invokers$Holder.linkToTargetMethod(java.lang.Object, long, java.lang.Object)'> (0x0000000097ba3d68) 
thrown [s\open\src\hotspot\share\interpreter\linkResolver.cpp, line 773]
Event: 1.191 Thread 0x000001b0d97ea6e0 Exception <a 'java/lang/ClassNotFoundException'{0x0000000097b823e8}: javax/management/remote/rmi/RMIConnectionImpl_Skel> (0x0000000097b823e8) 
thrown [s\open\src\hotspot\share\classfile\systemDictionary.cpp, line 312]

ZGC Phase Switch (0 events):
No events

VM Operations (18 events):
Event: 0.215 Executing VM operation: HandshakeAllThreads (Deoptimize)
Event: 0.215 Executing VM operation: HandshakeAllThreads (Deoptimize) done
Event: 0.443 Executing VM operation: HandshakeAllThreads (Deoptimize)
Event: 0.443 Executing VM operation: HandshakeAllThreads (Deoptimize) done
Event: 0.702 Executing VM operation: HandshakeAllThreads (Deoptimize)
Event: 0.702 Executing VM operation: HandshakeAllThreads (Deoptimize) done
Event: 0.781 Executing VM operation: HandshakeAllThreads (Deoptimize)
Event: 0.781 Executing VM operation: HandshakeAllThreads (Deoptimize) done
Event: 0.811 Executing VM operation: HandshakeAllThreads (Deoptimize)
Event: 0.811 Executing VM operation: HandshakeAllThreads (Deoptimize) done
Event: 0.858 Executing VM operation: HandshakeAllThreads (Deoptimize)
Event: 0.858 Executing VM operation: HandshakeAllThreads (Deoptimize) done
Event: 0.863 Executing VM operation: HandshakeAllThreads (Deoptimize)
Event: 0.863 Executing VM operation: HandshakeAllThreads (Deoptimize) done
Event: 1.066 Executing VM operation: G1CollectForAllocation (G1 Evacuation Pause)
Event: 1.079 Executing VM operation: G1CollectForAllocation (G1 Evacuation Pause) done
Event: 1.190 Executing VM operation: HandshakeAllThreads (Deoptimize)
Event: 1.190 Executing VM operation: HandshakeAllThreads (Deoptimize) done

Events (18 events):
Event: 0.036 Thread 0x000001b0811e9760 Thread added: 0x000001b0811e9760
Event: 0.059 Thread 0x000001b09345e0e0 Thread added: 0x000001b09345e0e0
Event: 0.059 Thread 0x000001b09345eca0 Thread added: 0x000001b09345eca0
Event: 0.059 Thread 0x000001b093462b10 Thread added: 0x000001b093462b10
Event: 0.059 Thread 0x000001b093466a50 Thread added: 0x000001b093466a50
Event: 0.059 Thread 0x000001b093468c60 Thread added: 0x000001b093468c60
Event: 0.059 Thread 0x000001b093469e60 Thread added: 0x000001b093469e60
Event: 0.060 Thread 0x000001b09346e560 Thread added: 0x000001b09346e560
Event: 0.208 Thread 0x000001b093682820 Thread added: 0x000001b093682820
Event: 0.215 Thread 0x000001b093682ee0 Thread added: 0x000001b093682ee0
Event: 0.217 Thread 0x000001b0936835b0 Thread added: 0x000001b0936835b0
Event: 0.379 Thread 0x000001b0939ddaf0 Thread added: 0x000001b0939ddaf0
Event: 0.380 Thread 0x000001b0939de160 Thread added: 0x000001b0939de160
Event: 0.609 Thread 0x000001b093683c80 Thread added: 0x000001b093683c80
Event: 0.794 Thread 0x000001b0d947bbb0 Thread added: 0x000001b0d947bbb0
Event: 1.151 Thread 0x000001b0d97ea6e0 Thread added: 0x000001b0d97ea6e0
Event: 1.177 Thread 0x000001b0d9826dc0 Thread added: 0x000001b0d9826dc0
Event: 1.187 Thread 0x000001b0d98386d0 Thread added: 0x000001b0d98386d0


Dynamic libraries:
0x00007ff6a3ed0000 - 0x00007ff6a3ede000 	D:\Java_JDK_Maven\bin\java.exe
0x00007ffe11ad0000 - 0x00007ffe11ce6000 	C:\WINDOWS\SYSTEM32\ntdll.dll
0x00007ffe11650000 - 0x00007ffe11714000 	C:\WINDOWS\System32\KERNEL32.DLL
0x00007ffe0f020000 - 0x00007ffe0f3c7000 	C:\WINDOWS\System32\KERNELBASE.dll
0x00007ffe0f510000 - 0x00007ffe0f621000 	C:\WINDOWS\System32\ucrtbase.dll
0x00007ffe09d60000 - 0x00007ffe09d78000 	D:\Java_JDK_Maven\bin\jli.dll
0x00007ffe09a30000 - 0x00007ffe09a4b000 	D:\Java_JDK_Maven\bin\VCRUNTIME140.dll
0x00007ffe10900000 - 0x00007ffe10aae000 	C:\WINDOWS\System32\USER32.dll
0x00007ffe0f750000 - 0x00007ffe0f776000 	C:\WINDOWS\System32\win32u.dll
0x00007ffdf46e0000 - 0x00007ffdf4973000 	C:\WINDOWS\WinSxS\amd64_microsoft.windows.common-controls_6595b64144ccf1df_6.0.22621.3235_none_270f74e173860f98\COMCTL32.dll
0x00007ffe0f810000 - 0x00007ffe0f839000 	C:\WINDOWS\System32\GDI32.dll
0x00007ffe119e0000 - 0x00007ffe11a87000 	C:\WINDOWS\System32\msvcrt.dll
0x00007ffe0f630000 - 0x00007ffe0f749000 	C:\WINDOWS\System32\gdi32full.dll
0x00007ffe0f3d0000 - 0x00007ffe0f46a000 	C:\WINDOWS\System32\msvcp_win.dll
0x00007ffe10220000 - 0x00007ffe10251000 	C:\WINDOWS\System32\IMM32.DLL
0x00007ffe0a080000 - 0x00007ffe0a08c000 	D:\Java_JDK_Maven\bin\vcruntime140_1.dll
0x00007ffdfecf0000 - 0x00007ffdfed7e000 	D:\Java_JDK_Maven\bin\msvcp140.dll
0x00007ffdc3100000 - 0x00007ffdc3e15000 	D:\Java_JDK_Maven\bin\server\jvm.dll
0x00007ffe0ff10000 - 0x00007ffe0ffc2000 	C:\WINDOWS\System32\ADVAPI32.dll
0x00007ffe10170000 - 0x00007ffe10218000 	C:\WINDOWS\System32\sechost.dll
0x00007ffe0f470000 - 0x00007ffe0f498000 	C:\WINDOWS\System32\bcrypt.dll
0x00007ffe10ab0000 - 0x00007ffe10bc5000 	C:\WINDOWS\System32\RPCRT4.dll
0x00007ffe100f0000 - 0x00007ffe10161000 	C:\WINDOWS\System32\WS2_32.dll
0x00007ffe0ecc0000 - 0x00007ffe0ed0d000 	C:\WINDOWS\SYSTEM32\POWRPROF.dll
0x00007ffe0bc70000 - 0x00007ffe0bca4000 	C:\WINDOWS\SYSTEM32\WINMM.dll
0x00007ffe05c90000 - 0x00007ffe05c9a000 	C:\WINDOWS\SYSTEM32\VERSION.dll
0x00007ffe0eca0000 - 0x00007ffe0ecb3000 	C:\WINDOWS\SYSTEM32\UMPDC.dll
0x00007ffe0ddf0000 - 0x00007ffe0de08000 	C:\WINDOWS\SYSTEM32\kernel.appcore.dll
0x00007ffe0a060000 - 0x00007ffe0a06a000 	D:\Java_JDK_Maven\bin\jimage.dll
0x00007ffe0c4c0000 - 0x00007ffe0c6f3000 	C:\WINDOWS\SYSTEM32\DBGHELP.DLL
0x00007ffe103b0000 - 0x00007ffe10738000 	C:\WINDOWS\System32\combase.dll
0x00007ffe0fe20000 - 0x00007ffe0fef7000 	C:\WINDOWS\System32\OLEAUT32.dll
0x00007ffdeb7a0000 - 0x00007ffdeb7d2000 	C:\WINDOWS\SYSTEM32\dbgcore.DLL
0x00007ffe0f780000 - 0x00007ffe0f7f9000 	C:\WINDOWS\System32\bcryptPrimitives.dll
0x00007ffe09a70000 - 0x00007ffe09a7f000 	D:\Java_JDK_Maven\bin\instrument.dll
0x00007ffe09930000 - 0x00007ffe0994f000 	D:\Java_JDK_Maven\bin\java.dll
0x00007ffe10bd0000 - 0x00007ffe1142c000 	C:\WINDOWS\System32\SHELL32.dll
0x00007ffe0cd00000 - 0x00007ffe0d5f9000 	C:\WINDOWS\SYSTEM32\windows.storage.dll
0x00007ffe0cbc0000 - 0x00007ffe0ccfe000 	C:\WINDOWS\SYSTEM32\wintypes.dll
0x00007ffe11780000 - 0x00007ffe11873000 	C:\WINDOWS\System32\SHCORE.dll
0x00007ffe11880000 - 0x00007ffe118de000 	C:\WINDOWS\System32\shlwapi.dll
0x00007ffe0ed20000 - 0x00007ffe0ed41000 	C:\WINDOWS\SYSTEM32\profapi.dll
0x00007ffe06f70000 - 0x00007ffe06f88000 	D:\Java_JDK_Maven\bin\zip.dll
0x00007ffe09d50000 - 0x00007ffe09d60000 	D:\Java_JDK_Maven\bin\net.dll
0x00007ffe07620000 - 0x00007ffe07756000 	C:\WINDOWS\SYSTEM32\WINHTTP.dll
0x00007ffe0e270000 - 0x00007ffe0e2d9000 	C:\WINDOWS\system32\mswsock.dll
0x00007ffe080b0000 - 0x00007ffe080c6000 	D:\Java_JDK_Maven\bin\nio.dll
0x00007ffe02fb0000 - 0x00007ffe02fca000 	D:\IDEA_ULTIMATE\IntelliJ IDEA 2023.3.2\bin\breakgen64.dll
0x00007ffe07000000 - 0x00007ffe07007000 	D:\Java_JDK_Maven\bin\extnet.dll
0x00007ffe0d8d0000 - 0x00007ffe0d9c9000 	C:\WINDOWS\SYSTEM32\DNSAPI.dll
0x00007ffe0d860000 - 0x00007ffe0d88d000 	C:\WINDOWS\SYSTEM32\IPHLPAPI.DLL
0x00007ffe103a0000 - 0x00007ffe103a9000 	C:\WINDOWS\System32\NSI.dll
0x00007ffe02b60000 - 0x00007ffe02b6a000 	C:\Windows\System32\rasadhlp.dll
0x00007ffe05c00000 - 0x00007ffe05c83000 	C:\WINDOWS\System32\fwpuclnt.dll
0x00007ffe09a10000 - 0x00007ffe09a1a000 	D:\Java_JDK_Maven\bin\management.dll
0x00007ffe09980000 - 0x00007ffe0998b000 	D:\Java_JDK_Maven\bin\management_ext.dll
0x00007ffe0ff00000 - 0x00007ffe0ff08000 	C:\WINDOWS\System32\PSAPI.DLL
0x00007ffe0e500000 - 0x00007ffe0e51b000 	C:\WINDOWS\SYSTEM32\CRYPTSP.dll
0x00007ffe0dd50000 - 0x00007ffe0dd85000 	C:\WINDOWS\system32\rsaenh.dll
0x00007ffe0e380000 - 0x00007ffe0e3a8000 	C:\WINDOWS\SYSTEM32\USERENV.dll
0x00007ffe0e520000 - 0x00007ffe0e52c000 	C:\WINDOWS\SYSTEM32\CRYPTBASE.dll
0x00007ffdb3ab0000 - 0x00007ffdb3ac7000 	C:\WINDOWS\system32\napinsp.dll
0x00007ffdb2620000 - 0x00007ffdb263b000 	C:\WINDOWS\system32\pnrpnsp.dll
0x00007ffdb2600000 - 0x00007ffdb2611000 	C:\WINDOWS\System32\winrnr.dll
0x00007ffdfa170000 - 0x00007ffdfa185000 	C:\WINDOWS\system32\wshbth.dll
0x00007ffdffff0000 - 0x00007ffe00011000 	C:\WINDOWS\system32\nlansp_c.dll

dbghelp: loaded successfully - version: 4.0.5 - missing functions: none
symbol engine: initialized successfully - sym options: 0x614 - pdb path: .;D:\Java_JDK_Maven\bin;C:\WINDOWS\SYSTEM32;C:\WINDOWS\WinSxS\amd64_microsoft.windows.common-controls_6595b64144ccf1df_6.0.22621.3235_none_270f74e173860f98;D:\Java_JDK_Maven\bin\server;D:\IDEA_ULTIMATE\IntelliJ IDEA 2023.3.2\bin

VM Arguments:
jvm_args: -XX:TieredStopAtLevel=1 -Dspring.output.ansi.enabled=always -Dcom.sun.management.jmxremote -Dspring.jmx.enabled=true -Dspring.liveBeansView.mbeanDomain -Dspring.application.admin.enabled=true -Dmanagement.endpoints.jmx.exposure.include=* -javaagent:D:\IDEA_ULTIMATE\IntelliJ IDEA 2023.3.2\lib\idea_rt.jar=4413:D:\IDEA_ULTIMATE\IntelliJ IDEA 2023.3.2\bin -Dfile.encoding=UTF-8 -Dsun.stdout.encoding=UTF-8 -Dsun.stderr.encoding=UTF-8 
java_command: com.school.web_info.WebInfoApplication
java_class_path (initial): D:\school_21_projects\Java_Learn\SpringIdea\web_info\target\classes;C:\Users\theex\.m2\repository\org\springframework\boot\spring-boot-starter-data-jpa\3.2.1\spring-boot-starter-data-jpa-3.2.1.jar;C:\Users\theex\.m2\repository\org\springframework\boot\spring-boot-starter-aop\3.2.1\spring-boot-starter-aop-3.2.1.jar;C:\Users\theex\.m2\repository\org\aspectj\aspectjweaver\1.9.21\aspectjweaver-1.9.21.jar;C:\Users\theex\.m2\repository\org\springframework\boot\spring-boot-starter-jdbc\3.2.1\spring-boot-starter-jdbc-3.2.1.jar;C:\Users\theex\.m2\repository\com\zaxxer\HikariCP\5.0.1\HikariCP-5.0.1.jar;C:\Users\theex\.m2\repository\org\springframework\spring-jdbc\6.1.2\spring-jdbc-6.1.2.jar;C:\Users\theex\.m2\repository\org\hibernate\orm\hibernate-core\6.4.1.Final\hibernate-core-6.4.1.Final.jar;C:\Users\theex\.m2\repository\jakarta\persistence\jakarta.persistence-api\3.1.0\jakarta.persistence-api-3.1.0.jar;C:\Users\theex\.m2\repository\jakarta\transaction\jakarta.transaction-api\2.0.1\jakarta.transaction-api-2.0.1.jar;C:\Users\theex\.m2\repository\org\jboss\logging\jboss-logging\3.5.3.Final\jboss-logging-3.5.3.Final.jar;C:\Users\theex\.m2\repository\org\hibernate\common\hibernate-commons-annotations\6.0.6.Final\hibernate-commons-annotations-6.0.6.Final.jar;C:\Users\theex\.m2\repository\io\smallrye\jandex\3.1.2\jandex-3.1.2.jar;C:\Users\theex\.m2\repository\com\fasterxml\classmate\1.6.0\classmate-1.6.0.jar;C:\Users\theex\.m2\repository\net\bytebuddy\byte-buddy\1.14.10\byte-buddy-1.14.10.jar;C:\Users\theex\.m2\repository\org\glassfish\jaxb\jaxb-runtime\4.0.4\jaxb-runtime-4.0.4.jar;C:\Users\theex\.m2\repository\org\glassfish\jaxb\jaxb-core\4.0.4\jaxb-core-4.0.4.jar;C:\Users\theex\.m2\repository\org\eclipse\angus\angus-activation\2.0.1\angus-activation-2.0.1.jar;C:\Users\theex\.m2\repository\org\glassfish\jaxb\txw2\4.0.4\txw2-4.0.4.jar;C:\Users\theex\.m2\repository\com\sun\istack\istack-commons-runtime\4.1.2\istack-commons-runtime-4.1.2.jar;C:\Users\theex\.m2\repository\jakarta\inject\jakarta.inject-api\2.0.1\jakarta.inject-api-2.0.1.jar;C:\Users\theex\.m2\repository\org\antlr\antlr4-runtime\4.13.0\antlr4-runtime-4.13.0.jar;C:\Users\theex\.m2\repository\org\springframework\data\spring-data-jpa\3.2.1\spring-data-jpa-3.2.1.jar;C:\Users\theex\.m2\repository\org\springframework\data\spring-data-commons\3.2.1\spring-data-commons-3.2.1.jar;C:\Users\theex\.m2\repository\org\springframework\spring-orm\6.1.2\spring-orm-6.1.2.jar;C:\Users\theex\.m2\repository\org\springframework\spring-context\6.1.2\spring-context-6.1.2.jar;C:\Users\theex\.m2\repository\org\springframework\spring-tx\6.1.2\spring-tx-6.1.2.jar;C:\Users\theex\.m2\repository\org\springframework\spring-beans\6.1.2\spring-beans-6.1.2.jar;C:\Users\theex\.m2\repository\jakarta\annotation\jakarta.annotation-api\2.1.1\jakarta.annotation-api-2.1.1.jar;C:\Users\theex\.m2\repository\org\slf4j\slf4j-api\2.0.9\slf4j-api-2.0.9.jar;C:\Users\theex\.m2\repository\org\springframework\spring-aspects\6.1.2\spring-aspects-6.1.2.jar;C:\Users\theex\.m2\repository\org\springframework\boot\spring-boot-starter-web\3.2.1\spring-boot-starter-web-3.2.1.jar;C:\Users\theex\.m2\repository\org\springframework\boot\spring-boot-starter\3.2.1\spring-boot-starter-3.2.1.jar;C:\Users\theex\.m2\repository\org\springframework\boot\spring-boot\3.2.1\spring-boot-3.2.1.jar;C:\Users\theex\.m2\repository\org\springframework\boot\spring-boot-autoconfigure\3.2.1\spring-boot-autoconfigure-3.2.1.jar;C:\Users\theex\.m2\repository\org\springframework\boot\spring-boot-starter-logging\3.2.1\spring-boot-starter-logging-3.2.1.jar;C:\Users\theex\.m2\repository\ch\qos\logback\logback-classic\1.4.14\logback-classic-1.4.14.jar;C:\Users\theex\.m2\repository\ch\qos\logback\logback-core\1.4.14\logback-core-1.4.14.jar;C:\Users\theex\.m2\repository\org\apache\logging\log4j\log4j-to-slf4j\2.21.1\log4j-to-slf4j-2.21.1.jar;C:\Users\theex\.m2\repository\org\apache\logging\log4j\log4j-api\2.21.1\log4j-api-2.21.1.jar;C:\Users\theex\.m2\repository\org\slf4j\jul-to-slf4j\2.0.9\jul-to-slf4j-2.0.9.jar;C:\Users\theex\.m2\repository\org\springframework\boot\spring-boot-starter-json\3.2.1\spring-boot-starter-json-3.2.1.jar;C:\Users\theex\.m2\repository\com\fasterxml\jackson\datatype\jackson-datatype-jdk8\2.15.3\jackson-datatype-jdk8-2.15.3.jar;C:\Users\theex\.m2\repository\com\fasterxml\jackson\module\jackson-module-parameter-names\2.15.3\jackson-module-parameter-names-2.15.3.jar;C:\Users\theex\.m2\repository\org\springframework\boot\spring-boot-starter-tomcat\3.2.1\spring-boot-starter-tomcat-3.2.1.jar;C:\Users\theex\.m2\repository\org\apache\tomcat\embed\tomcat-embed-core\10.1.17\tomcat-embed-core-10.1.17.jar;C:\Users\theex\.m2\repository\org\apache\tomcat\embed\tomcat-embed-websocket\10.1.17\tomcat-embed-websocket-10.1.17.jar;C:\Users\theex\.m2\repository\org\springframework\spring-web\6.1.2\spring-web-6.1.2.jar;C:\Users\theex\.m2\repository\io\micrometer\micrometer-observation\1.12.1\micrometer-observation-1.12.1.jar;C:\Users\theex\.m2\repository\io\micrometer\micrometer-commons\1.12.1\micrometer-commons-1.12.1.jar;C:\Users\theex\.m2\repository\org\springframework\spring-webmvc\6.1.2\spring-webmvc-6.1.2.jar;C:\Users\theex\.m2\repository\org\springframework\spring-expression\6.1.2\spring-expression-6.1.2.jar;C:\Users\theex\.m2\repository\org\springframework\boot\spring-boot-starter-thymeleaf\3.2.1\spring-boot-starter-thymeleaf-3.2.1.jar;C:\Users\theex\.m2\repository\org\thymeleaf\thymeleaf-spring6\3.1.2.RELEASE\thymeleaf-spring6-3.1.2.RELEASE.jar;C:\Users\theex\.m2\repository\org\thymeleaf\thymeleaf\3.1.2.RELEASE\thymeleaf-3.1.2.RELEASE.jar;C:\Users\theex\.m2\repository\org\attoparser\attoparser\2.0.7.RELEASE\attoparser-2.0.7.RELEASE.jar;C:\Users\theex\.m2\repository\org\unbescape\unbescape\1.1.6.RELEASE\unbescape-1.1.6.RELEASE.jar;C:\Users\theex\.m2\repository\org\postgresql\postgresql\42.6.0\postgresql-42.6.0.jar;C:\Users\theex\.m2\repository\org\checkerframework\checker-qual\3.31.0\checker-qual-3.31.0.jar;C:\Users\theex\.m2\repository\org\projectlombok\lombok\1.18.30\lombok-1.18.30.jar;C:\Users\theex\.m2\repository\jakarta\xml\bind\jakarta.xml.bind-api\4.0.1\jakarta.xml.bind-api-4.0.1.jar;C:\Users\theex\.m2\repository\jakarta\activation\jakarta.activation-api\2.1.2\jakarta.activation-api-2.1.2.jar;C:\Users\theex\.m2\repository\org\springframework\spring-core\6.1.2\spring-core-6.1.2.jar;C:\Users\theex\.m2\repository\org\springframework\spring-jcl\6.1.2\spring-jcl-6.1.2.jar;C:\Users\theex\.m2\repository\org\springframework\boot\spring-boot-starter-validation\3.2.1\spring-boot-starter-validation-3.2.1.jar;C:\Users\theex\.m2\repository\org\apache\tomcat\embed\tomcat-embed-el\10.1.17\tomcat-embed-el-10.1.17.jar;C:\Users\theex\.m2\repository\org\hibernate\validator\hibernate-validator\8.0.1.Final\hibernate-validator-8.0.1.Final.jar;C:\Users\theex\.m2\repository\jakarta\validation\jakarta.validation-api\3.0.2\jakarta.validation-api-3.0.2.jar;C:\Users\theex\.m2\repository\org\webjars\bootstrap\4.3.1\bootstrap-4.3.1.jar;C:\Users\theex\.m2\repository\org\webjars\jquery\3.0.0\jquery-3.0.0.jar;C:\Users\theex\.m2\repository\org\webjars\popper.js\1.14.3\popper.js-1.14.3.jar;C:\Users\theex\.m2\repository\com\fasterxml\jackson\datatype\jackson-datatype-jsr310\2.16.1\jackson-datatype-jsr310-2.16.1.jar;C:\Users\theex\.m2\repository\com\fasterxml\jackson\core\jackson-annotations\2.15.3\jackson-annotations-2.15.3.jar;C:\Users\theex\.m2\repository\com\fasterxml\jackson\core\jackson-core\2.15.3\jackson-core-2.15.3.jar;C:\Users\theex\.m2\repository\com\fasterxml\jackson\core\jackson-databind\2.15.3\jackson-databind-2.15.3.jar;C:\Users\theex\.m2\repository\org\springframework\boot\spring-boot-starter-data-mongodb\3.2.3\spring-boot-starter-data-mongodb-3.2.3.jar;C:\Users\theex\.m2\repository\org\mongodb\mongodb-driver-sync\4.11.1\mongodb-driver-sync-4.11.1.jar;C:\Users\theex\.m2\repository\org\mongodb\bson\4.11.1\bson-4.11.1.jar;C:\Users\theex\.m2\repository\org\mongodb\mongodb-driver-core\4.11.1\mongodb-driver-core-4.11.1.jar;C:\Users\theex\.m2\repository\org\mongodb\bson-record-codec\4.11.1\bson-record-codec-4.11.1.jar;C:\Users\theex\.m2\repository\org\springframework\data\spring-data-mongodb\4.2.1\spring-data-mongodb-4.2.1.jar;C:\Users\theex\.m2\repository\org\springframework\boot\spring-boot-starter-security\3.2.1\spring-boot-starter-security-3.2.1.jar;C:\Users\theex\.m2\repository\org\springframework\spring-aop\6.1.2\spring-aop-6.1.2.jar;C:\Users\theex\.m2\repository\org\springframework\security\spring-security-config\6.2.1\spring-security-config-6.2.1.jar;C:\Users\theex\.m2\repository\org\springframework\security\spring-security-core\6.2.1\spring-security-core-6.2.1.jar;C:\Users\theex\.m2\repository\org\springframework\security\spring-security-crypto\6.2.1\spring-security-crypto-6.2.1.jar;C:\Users\theex\.m2\repository\org\springframework\security\spring-security-web\6.2.1\spring-security-web-6.2.1.jar;C:\Users\theex\.m2\repository\org\mapstruct\mapstruct\1.5.5.Final\mapstruct-1.5.5.Final.jar;C:\Users\theex\.m2\repository\org\mapstruct\mapstruct-processor\1.5.5.Final\mapstruct-processor-1.5.5.Final.jar;C:\Users\theex\.m2\repository\org\liquibase\liquibase-core\4.25.1\liquibase-core-4.25.1.jar;C:\Users\theex\.m2\repository\com\opencsv\opencsv\5.8\opencsv-5.8.jar;C:\Users\theex\.m2\repository\org\apache\commons\commons-lang3\3.13.0\commons-lang3-3.13.0.jar;C:\Users\theex\.m2\repository\org\apache\commons\commons-text\1.10.0\commons-text-1.10.0.jar;C:\Users\theex\.m2\repository\org\apache\commons\commons-collections4\4.4\commons-collections4-4.4.jar;C:\Users\theex\.m2\repository\org\yaml\snakeyaml\2.2\snakeyaml-2.2.jar;C:\Users\theex\.m2\repository\javax\xml\bind\jaxb-api\2.3.1\jaxb-api-2.3.1.jar;C:\Users\theex\.m2\repository\org\jooq\jooq\3.19.8\jooq-3.19.8.jar;C:\Users\theex\.m2\repository\io\r2dbc\r2dbc-spi\1.0.0.RELEASE\r2dbc-spi-1.0.0.RELEASE.jar;C:\Users\theex\.m2\repository\org\reactivestreams\reactive-streams\1.0.4\reactive-streams-1.0.4.jar;C:\Users\theex\.m2\repository\org\jooq\jooq-meta\3.19.8\jooq-meta-3.19.8.jar;C:\Users\theex\.m2\repository\org\jooq\jooq-codegen\3.19.8\jooq-codegen-3.19.8.jar;C:\Users\theex\.m2\repository\org\jooq\jooq-jackson-extensions\3.19.8\jooq-jackson-extensions-3.19.8.jar;C:\Users\theex\.m2\repository\com\fasterxml\jackson\module\jackson-module-kotlin\2.15.3\jackson-module-kotlin-2.15.3.jar;C:\Users\theex\.m2\repository\org\jetbrains\kotlin\kotlin-reflect\1.9.21\kotlin-reflect-1.9.21.jar;C:\Users\theex\.m2\repository\org\jetbrains\kotlin\kotlin-stdlib\1.9.21\kotlin-stdlib-1.9.21.jar;C:\Users\theex\.m2\repository\org\jetbrains\annotations\13.0\annotations-13.0.jar
Launcher Type: SUN_STANDARD

[Global flags]
     intx CICompilerCount                          = 4                                         {product} {ergonomic}
     uint ConcGCThreads                            = 2                                         {product} {ergonomic}
     uint G1ConcRefinementThreads                  = 8                                         {product} {ergonomic}
   size_t G1HeapRegionSize                         = 1048576                                   {product} {ergonomic}
    uintx GCDrainStackTargetSize                   = 64                                        {product} {ergonomic}
   size_t InitialHeapSize                          = 117440512                                 {product} {ergonomic}
     bool ManagementServer                         = true                                      {product} {command line}
   size_t MarkStackSize                            = 4194304                                   {product} {ergonomic}
   size_t MaxHeapSize                              = 1862270976                                {product} {ergonomic}
   size_t MaxNewSize                               = 1116733440                                {product} {ergonomic}
   size_t MinHeapDeltaBytes                        = 1048576                                   {product} {ergonomic}
   size_t MinHeapSize                              = 8388608                                   {product} {ergonomic}
    uintx NonNMethodCodeHeapSize                   = 4096                                   {pd product} {ergonomic}
    uintx NonProfiledCodeHeapSize                  = 0                                      {pd product} {ergonomic}
     bool ProfileInterpreter                       = false                                  {pd product} {command line}
    uintx ProfiledCodeHeapSize                     = 0                                      {pd product} {ergonomic}
   size_t SoftMaxHeapSize                          = 1862270976                             {manageable} {ergonomic}
     intx TieredStopAtLevel                        = 1                                         {product} {command line}
     bool UseCompressedOops                        = true                           {product lp64_product} {ergonomic}
     bool UseG1GC                                  = true                                      {product} {ergonomic}
     bool UseLargePagesIndividualAllocation        = false                                  {pd product} {ergonomic}

Logging:
Log output configuration:
 #0: stdout all=warning uptime,level,tags foldmultilines=false
 #1: stderr all=off uptime,level,tags foldmultilines=false

Environment Variables:
JAVA_HOME=D:\JDK17
PATH=C:\Program Files (x86)\Common Files\Intel\Shared Libraries\redist\intel64\compiler;C:\WINDOWS\system32;C:\WINDOWS;C:\WINDOWS\System32\Wbem;C:\WINDOWS\System32\WindowsPowerShell\v1.0\;C:\WINDOWS\System32\OpenSSH\;C:\Users\theex\AppData\Local\Programs\Python\Python310;C:\Users\theex\AppData\Local\Programs\Python\Python310\Scripts;C:\Program Files\Git\cmd;D:\VirtualBox;D:\apache-maven-3.9.6\bin;D:\JDK17\bin;C:\Program Files\Docker\Docker\resources\bin;D:\Gradle\gradle-7.2\bin;C:\WINDOWS\System32\WindowsPowerShell\v1.0\;D:\Microsoft VS Code\bin;D:\IDEA\IntelliJ IDEA Community Edition 2023.2.5\bin;;D:\VirtualBox;D:\IDEA_ULTIMATE\IntelliJ IDEA 2023.3.2\bin;;
USERNAME=theex
OS=Windows_NT
PROCESSOR_IDENTIFIER=AMD64 Family 23 Model 24 Stepping 1, AuthenticAMD
TMP=C:\Users\theex\AppData\Local\Temp
TEMP=C:\Users\theex\AppData\Local\Temp




Periodic native trim disabled

---------------  S Y S T E M  ---------------

OS:
 Windows 11 , 64 bit Build 22621 (10.0.22621.3374)
OS uptime: 0 days 18:18 hours
Hyper-V role detected

CPU: total 8 (initial active 8) (8 cores per cpu, 2 threads per core) family 23 model 24 stepping 1 microcode 0x0, cx8, cmov, fxsr, ht, mmx, 3dnowpref, sse, sse2, sse3, ssse3, sse4a, sse4.1, sse4.2, popcnt, lzcnt, tsc, tscinvbit, avx, avx2, aes, clmul, bmi1, bmi2, adx, sha, fma, vzeroupper, clflush, clflushopt, hv, rdtscp, f16c
Processor Information for all 8 processors :
  Max Mhz: 2100, Current Mhz: 2100, Mhz Limit: 2100

Memory: 4k page, system-wide physical 7103M (428M free)
TotalPageFile size 17343M (AvailPageFile size 4M)
current process WorkingSet (physical memory assigned to process): 85M, peak: 85M
current process commit charge ("private bytes"): 209M, peak: 209M

vm_info: OpenJDK 64-Bit Server VM (21.0.1+12-29) for windows-amd64 JRE (21.0.1+12-29), built on 2023-10-05T13:27:09Z by "mach5one" with MS VC++ 17.1 (VS2022)

END.
